[INFO] 23:07:13:456 Servidor CPU/(4504:4504): Hilo de interrupciones creado 

[INFO] 23:07:13:456 Servidor CPU/(4504:4504): Tlb creada 

[INFO] 23:40:13:721 Servidor CPU/(6045:6045): Hilo de interrupciones creado 

[INFO] 23:40:13:721 Servidor CPU/(6045:6045): Tlb creada 

[INFO] 23:40:13:721 Servidor CPU/(6045:6045): CPU listo para recibir al modulo cliente 

[INFO] 23:40:13:722 Servidor CPU/(6045:6046): CPU listo para recibir interrupciones 

[INFO] 16:19:00:276 Servidor CPU/(5904:5904): Hilo de interrupciones creado 

[INFO] 16:19:00:276 Servidor CPU/(5904:5905): CPU listo para recibir interrupciones 

[INFO] 16:19:00:283 Servidor CPU/(5904:5904): Tlb creada 

[INFO] 16:19:00:290 Servidor CPU/(5904:5904): CPU listo para recibir al modulo cliente 

[INFO] 16:19:32:830 Servidor CPU/(5904:5905): Se conecto Kernel al puerto interrupt 

[INFO] 16:19:42:681 Servidor CPU/(5904:5904): Recibi PCB de Id: 0 

[INFO] 16:19:42:681 Servidor CPU/(5904:5904): Se creo hilo para recibir interrupciones 

[ERROR] 16:20:36:357 Servidor CPU/(5904:5905): Fallo la comunicacion. Abortando 

[ERROR] 16:20:36:361 Servidor CPU/(5904:5904): Fallo la comunicacion. Abortando 

[INFO] 16:21:38:876 Servidor CPU/(6240:6240): Hilo de interrupciones creado 

[INFO] 16:21:38:879 Servidor CPU/(6240:6240): Tlb creada 

[INFO] 16:21:38:879 Servidor CPU/(6240:6240): CPU listo para recibir al modulo cliente 

[INFO] 16:21:38:877 Servidor CPU/(6240:6241): CPU listo para recibir interrupciones 

[INFO] 16:22:13:562 Servidor CPU/(6240:6241): Se conecto Kernel al puerto interrupt 

[INFO] 16:23:47:604 Servidor CPU/(6500:6500): Hilo de interrupciones creado 

[INFO] 16:23:47:607 Servidor CPU/(6500:6500): Tlb creada 

[INFO] 16:23:47:607 Servidor CPU/(6500:6500): Tlb creada 

rupciones creado 

[INFO] 16:24:16:607 Servidor CPU/(6523:6523): Hilo de interrupciones creado 

[INFO] 16:24:16:608 Servidor CPU/(6523:6523): Tlb creada 

[INFO] 16:24:16:610 Servidor CPU/(6523:6523): CPU listo para recibir al modulo cliente 

[INFO] 16:24:16:608 Servidor CPU/(6523:6524): CPU listo para recibir interrupciones 

[INFO] 16:24:38:672 Servidor CPU/(6523:6524): Se conecto Kernel al puerto interrupt 

[INFO] 16:25:46:754 Servidor CPU/(6523:6523): Recibi PCB de Id: 0 

[INFO] 16:25:46:755 Servidor CPU/(6523:6523): Se creo hilo para recibir interrupciones 

[ERROR] 16:31:11:446 Servidor CPU/(6523:6523): Fallo la comunicacion. Abortando 

[ERROR] 16:31:11:452 Servidor CPU/(6523:6524): Fallo la comunicacion. Abortando 

[INFO] 17:43:19:733 Servidor CPU/(9793:9793): Hilo de interrupciones creado 

[INFO] 17:43:19:735 Servidor CPU/(9793:9793): Tlb creada 

[INFO] 17:43:19:736 Servidor CPU/(9793:9793): CPU listo para recibir al modulo cliente 

[INFO] 17:43:19:733 Servidor CPU/(9793:9794): CPU listo para recibir interrupciones 

[INFO] 17:43:25:791 Servidor CPU/(9793:9794): Se conecto Kernel al puerto interrupt 

[INFO] 17:43:37:627 Servidor CPU/(9793:9793): Recibi PCB de Id: 0 

[INFO] 17:43:37:627 Servidor CPU/(9793:9793): Se creo hilo para recibir interrupciones 

[INFO] 17:43:37:630 Servidor CPU/(9793:9793): Se ejecuto instruccion NO-OP 

[INFO] 17:43:37:634 Servidor CPU/(9793:9793): Se ejecuto instruccion NO-OP 

[INFO] 17:43:37:644 Servidor CPU/(9793:9793): Se ejecuto instruccion NO-OP 

[INFO] 17:43:37:646 Servidor CPU/(9793:9793): Se ejecuto instruccion NO-OP 

[INFO] 17:43:37:648 Servidor CPU/(9793:9793): Se ejecuto instruccion NO-OP 

[INFO] 17:43:37:648 Servidor CPU/(9793:9793): Se ejecuto instruccion I/O 

[INFO] 17:43:37:763 Servidor CPU/(9793:9793): Recibi PCB de Id: 0 

[INFO] 17:43:37:764 Servidor CPU/(9793:9793): Se creo hilo para recibir interrupciones 

[INFO] 17:43:37:764 Servidor CPU/(9793:9793): Se ejecuto instruccion EXIT 

[ERROR] 17:44:42:503 Servidor CPU/(9793:9794): Fallo la comunicacion. Abortando 

[ERROR] 17:44:42:503 Servidor CPU/(9793:9793): Fallo la comunicacion. Abortando 

[INFO] 18:03:50:111 Servidor CPU/(10613:10613): Hilo de interrupciones creado 

[INFO] 18:03:50:112 Servidor CPU/(10613:10614): CPU listo para recibir interrupciones 

[INFO] 18:03:50:114 Servidor CPU/(10613:10613): Tlb creada 

[INFO] 18:03:50:115 Servidor CPU/(10613:10613): CPU listo para recibir al modulo cliente 

[INFO] 18:03:54:420 Servidor CPU/(10613:10614): Se conecto Kernel al puerto interrupt 

[INFO] 18:04:01:006 Servidor CPU/(10613:10613): Recibi PCB de Id: 0 

[INFO] 18:04:01:006 Servidor CPU/(10613:10613): Se creo hilo para recibir interrupciones 

[INFO] 18:04:01:008 Servidor CPU/(10613:10613): Se ejecuto instruccion NO-OP 

[INFO] 18:04:01:010 Servidor CPU/(10613:10613): Se ejecuto instruccion NO-OP 

[INFO] 18:04:01:012 Servidor CPU/(10613:10613): Se ejecuto instruccion NO-OP 

[INFO] 18:04:01:014 Servidor CPU/(10613:10613): Se ejecuto instruccion NO-OP 

[INFO] 18:04:01:016 Servidor CPU/(10613:10613): Se ejecuto instruccion NO-OP 

[INFO] 18:04:01:017 Servidor CPU/(10613:10613): Se ejecuto instruccion I/O 

[INFO] 18:04:01:128 Servidor CPU/(10613:10613): Recibi PCB de Id: 0 

[INFO] 18:04:01:134 Servidor CPU/(10613:10613): Se creo hilo para recibir interrupciones 

[INFO] 18:04:01:135 Servidor CPU/(10613:10613): Se ejecuto instruccion EXIT 

[ERROR] 18:04:36:062 Servidor CPU/(10613:10614): Fallo la comunicacion. Abortando 

[ERROR] 18:04:36:063 Servidor CPU/(10613:10613): Fallo la comunicacion. Abortando 

[INFO] 18:05:04:754 Servidor CPU/(10679:10679): Hilo de interrupciones creado 

[INFO] 18:05:04:755 Servidor CPU/(10679:10679): Tlb creada 

[INFO] 18:05:04:755 Servidor CPU/(10679:10680): CPU listo para recibir interrupciones 

[INFO] 18:05:04:756 Servidor CPU/(10679:10679): CPU listo para recibir al modulo cliente 

[INFO] 18:05:07:487 Servidor CPU/(10679:10680): Se conecto Kernel al puerto interrupt 

[INFO] 18:05:13:047 Servidor CPU/(10679:10679): Recibi PCB de Id: 0 

[INFO] 18:05:13:047 Servidor CPU/(10679:10679): Se creo hilo para recibir interrupciones 

[INFO] 18:05:13:050 Servidor CPU/(10679:10679): Se ejecuto instruccion NO-OP 

[INFO] 18:05:13:052 Servidor CPU/(10679:10679): Se ejecuto instruccion NO-OP 

[INFO] 18:05:13:054 Servidor CPU/(10679:10679): Se ejecuto instruccion NO-OP 

[INFO] 18:05:13:056 Servidor CPU/(10679:10679): Se ejecuto instruccion NO-OP 

[INFO] 18:05:13:058 Servidor CPU/(10679:10679): Se ejecuto instruccion NO-OP 

[INFO] 18:05:13:058 Servidor CPU/(10679:10679): Se ejecuto instruccion I/O 

[INFO] 18:05:13:164 Servidor CPU/(10679:10679): Recibi PCB de Id: 0 

[INFO] 18:05:13:164 Servidor CPU/(10679:10679): Se creo hilo para recibir interrupciones 

[INFO] 18:05:13:164 Servidor CPU/(10679:10679): Se ejecuto instruccion EXIT 

[ERROR] 18:05:44:203 Servidor CPU/(10679:10680): Fallo la comunicacion. Abortando 

[ERROR] 18:05:44:203 Servidor CPU/(10679:10679): Fallo la comunicacion. Abortando 

