[INFO] 14:39:43:077 Consola/(5324:5324): Iniciando consola

[INFO] 14:39:43:078 Consola/(5324:5324): Instrucciones parseadas correctamente

[INFO] 14:39:43:087 Consola/(5324:5324): Conexion exitosa con kernel.

[INFO] 14:39:43:094 Consola/(5324:5324): Paquete enviado correctamente.

[INFO] 14:39:43:094 Consola/(5324:5324): Terminando programa.

[INFO] 14:49:06:574 Consola/(5660:5660): Iniciando consola

[INFO] 14:49:06:579 Consola/(5660:5660): Instrucciones parseadas correctamente

[INFO] 14:49:06:597 Consola/(5660:5660): Conexion exitosa con kernel.

[INFO] 14:49:06:604 Consola/(5660:5660): Paquete enviado correctamente.

[INFO] 14:49:06:605 Consola/(5660:5660): Terminando programa.

[INFO] 14:50:45:935 Consola/(5811:5811): Iniciando consola

[INFO] 14:50:45:939 Consola/(5811:5811): Instrucciones parseadas correctamente

[INFO] 14:50:45:947 Consola/(5811:5811): Conexion exitosa con kernel.

[INFO] 14:50:45:953 Consola/(5811:5811): Paquete enviado correctamente.

[INFO] 14:50:45:953 Consola/(5811:5811): Terminando programa.

[INFO] 14:53:36:177 Consola/(5884:5884): Iniciando consola

[INFO] 14:53:36:181 Consola/(5884:5884): Instrucciones parseadas correctamente

[INFO] 14:53:36:191 Consola/(5884:5884): Conexion exitosa con kernel.

[INFO] 14:53:36:198 Consola/(5884:5884): Paquete enviado correctamente.

[INFO] 14:53:36:198 Consola/(5884:5884): Terminando programa.

[INFO] 14:54:33:813 Consola/(5913:5913): Iniciando consola

[INFO] 14:54:33:823 Consola/(5913:5913): Instrucciones parseadas correctamente

[INFO] 14:54:33:840 Consola/(5913:5913): Conexion exitosa con kernel.

[INFO] 14:54:33:857 Consola/(5913:5913): Paquete enviado correctamente.

[INFO] 14:54:33:857 Consola/(5913:5913): Terminando programa.

[INFO] 15:10:58:102 Consola/(6154:6154): Iniciando consola

[INFO] 15:10:58:111 Consola/(6154:6154): Instrucciones parseadas correctamente

[INFO] 15:10:58:123 Consola/(6154:6154): Conexion exitosa con kernel.

[INFO] 15:10:58:135 Consola/(6154:6154): Paquete enviado correctamente.

[INFO] 15:10:58:135 Consola/(6154:6154): Terminando programa.

[INFO] 15:20:10:645 Consola/(6313:6313): Iniciando consola

[INFO] 15:20:10:646 Consola/(6313:6313): Instrucciones parseadas correctamente

[INFO] 15:20:10:664 Consola/(6313:6313): Conexion exitosa con kernel.

[INFO] 15:20:10:668 Consola/(6313:6313): Paquete enviado correctamente.

[INFO] 15:20:10:668 Consola/(6313:6313): Terminando programa.

[INFO] 15:22:18:298 Consola/(6431:6431): Iniciando consola

[INFO] 15:22:18:307 Consola/(6431:6431): Instrucciones parseadas correctamente

[INFO] 15:22:18:318 Consola/(6431:6431): Conexion exitosa con kernel.

[INFO] 15:22:18:336 Consola/(6431:6431): Paquete enviado correctamente.

[INFO] 15:22:18:336 Consola/(6431:6431): Terminando programa.

[INFO] 15:27:45:999 Consola/(6616:6616): Iniciando consola

[INFO] 15:27:45:999 Consola/(6616:6616): Instrucciones parseadas correctamente

[INFO] 15:27:46:007 Consola/(6616:6616): Conexion exitosa con kernel.

[INFO] 15:27:46:024 Consola/(6616:6616): Paquete enviado correctamente.

[INFO] 15:27:46:024 Consola/(6616:6616): Terminando programa.

[INFO] 15:28:27:260 Consola/(6659:6659): Iniciando consola

[INFO] 15:28:27:267 Consola/(6659:6659): Instrucciones parseadas correctamente

[INFO] 15:28:27:275 Consola/(6659:6659): Conexion exitosa con kernel.

[INFO] 15:28:27:282 Consola/(6659:6659): Paquete enviado correctamente.

[INFO] 15:28:27:282 Consola/(6659:6659): Terminando programa.

[INFO] 15:28:58:251 Consola/(6709:6709): Iniciando consola

[INFO] 15:28:58:262 Consola/(6709:6709): Instrucciones parseadas correctamente

[INFO] 15:28:58:272 Consola/(6709:6709): Conexion exitosa con kernel.

[INFO] 15:28:58:284 Consola/(6709:6709): Paquete enviado correctamente.

[INFO] 15:28:58:284 Consola/(6709:6709): Terminando programa.

[INFO] 15:29:21:169 Consola/(6753:6753): Iniciando consola

[INFO] 15:29:21:171 Consola/(6753:6753): Instrucciones parseadas correctamente

[INFO] 15:29:21:180 Consola/(6753:6753): Conexion exitosa con kernel.

[INFO] 15:29:21:194 Consola/(6753:6753): Paquete enviado correctamente.

[INFO] 15:29:21:194 Consola/(6753:6753): Terminando programa.

[INFO] 15:41:57:897 Consola/(7267:7267): Iniciando consola

[INFO] 15:41:57:907 Consola/(7267:7267): Instrucciones parseadas correctamente

[INFO] 15:41:57:921 Consola/(7267:7267): Conexion exitosa con kernel.

[INFO] 15:41:57:936 Consola/(7267:7267): Paquete enviado correctamente.

[INFO] 15:41:57:936 Consola/(7267:7267): Terminando programa.

[INFO] 20:14:03:372 Consola/(8596:8596): Iniciando consola

[INFO] 20:14:03:377 Consola/(8596:8596): Instrucciones parseadas correctamente

[INFO] 20:14:03:384 Consola/(8596:8596): Conexion exitosa con kernel.

[INFO] 20:14:03:393 Consola/(8596:8596): Paquete enviado correctamente.

[INFO] 20:14:03:395 Consola/(8596:8596): Terminando programa.

[INFO] 20:19:54:007 Consola/(8903:8903): Iniciando consola

[INFO] 20:21:00:411 Consola/(9063:9063): Iniciando consola

[INFO] 20:21:28:067 Consola/(9086:9086): Iniciando consola

[INFO] 20:26:17:401 Consola/(9294:9294): Iniciando consola

[INFO] 20:28:12:575 Consola/(9464:9464): Iniciando consola

[INFO] 20:28:31:305 Consola/(9502:9502): Iniciando consola

[INFO] 20:28:31:311 Consola/(9502:9502): Instrucciones parseadas correctamente

[INFO] 20:28:31:314 Consola/(9502:9502): Conexion exitosa con kernel.

[INFO] 20:31:19:598 Consola/(9627:9627): Iniciando consola

[INFO] 20:31:19:601 Consola/(9627:9627): Instrucciones parseadas correctamente

[INFO] 20:31:19:605 Consola/(9627:9627): Conexion exitosa con kernel.

[INFO] 20:31:19:617 Consola/(9627:9627): Paquete enviado correctamente.

[INFO] 20:31:19:619 Consola/(9627:9627): Terminando programa.

[INFO] 20:39:44:645 Consola/(10049:10049): Iniciando consola

[INFO] 20:39:44:647 Consola/(10049:10049): Instrucciones parseadas correctamente

[INFO] 20:39:44:655 Consola/(10049:10049): Conexion exitosa con kernel.

[INFO] 20:39:44:658 Consola/(10049:10049): Paquete enviado correctamente.

[INFO] 20:39:44:658 Consola/(10049:10049): Terminando programa.

[INFO] 20:40:41:676 Consola/(10120:10120): Iniciando consola

[INFO] 20:40:41:678 Consola/(10120:10120): Instrucciones parseadas correctamente

[INFO] 20:40:41:680 Consola/(10120:10120): Conexion exitosa con kernel.

[INFO] 20:40:41:684 Consola/(10120:10120): Paquete enviado correctamente.

[INFO] 20:40:41:684 Consola/(10120:10120): Terminando programa.

[INFO] 20:41:44:497 Consola/(10192:10192): Iniciando consola

[INFO] 20:41:44:499 Consola/(10192:10192): Instrucciones parseadas correctamente

[INFO] 20:41:44:503 Consola/(10192:10192): Conexion exitosa con kernel.

[INFO] 20:41:44:505 Consola/(10192:10192): Paquete enviado correctamente.

[INFO] 20:41:44:505 Consola/(10192:10192): Terminando programa.

[INFO] 20:43:16:932 Consola/(10348:10348): Iniciando consola

[INFO] 20:43:16:934 Consola/(10348:10348): Instrucciones parseadas correctamente

[INFO] 20:43:16:936 Consola/(10348:10348): Conexion exitosa con kernel.

[INFO] 20:43:16:942 Consola/(10348:10348): Paquete enviado correctamente.

[INFO] 20:43:16:942 Consola/(10348:10348): Terminando programa.

[INFO] 20:44:28:453 Consola/(10375:10375): Iniciando consola

[INFO] 20:44:28:463 Consola/(10375:10375): Instrucciones parseadas correctamente

[INFO] 20:44:28:469 Consola/(10375:10375): Conexion exitosa con kernel.

[INFO] 20:44:28:477 Consola/(10375:10375): Paquete enviado correctamente.

[INFO] 20:44:28:480 Consola/(10375:10375): Terminando programa.

[INFO] 20:29:19:840 Consola/(4670:4670): Iniciando consola

[INFO] 20:29:19:850 Consola/(4670:4670): Instrucciones parseadas correctamente

[INFO] 20:29:19:860 Consola/(4670:4670): Conexion exitosa con kernel.

[INFO] 20:33:30:707 Consola/(5060:5060): Iniciando consola

[INFO] 20:33:30:710 Consola/(5060:5060): Instrucciones parseadas correctamente

[INFO] 20:33:30:730 Consola/(5060:5060): Conexion exitosa con kernel.

[INFO] 20:33:30:745 Consola/(5060:5060): Paquete enviado correctamente.

[INFO] 20:33:30:747 Consola/(5060:5060): Terminando programa.

[INFO] 20:34:50:563 Consola/(5173:5173): Iniciando consola

[INFO] 20:34:50:564 Consola/(5173:5173): Instrucciones parseadas correctamente

[INFO] 20:34:50:571 Consola/(5173:5173): Conexion exitosa con kernel.

[INFO] 20:34:50:580 Consola/(5173:5173): Paquete enviado correctamente.

[INFO] 20:34:50:580 Consola/(5173:5173): Terminando programa.

[INFO] 20:35:11:654 Consola/(5229:5229): Iniciando consola

[INFO] 20:35:11:655 Consola/(5229:5229): Instrucciones parseadas correctamente

[INFO] 20:35:11:670 Consola/(5229:5229): Conexion exitosa con kernel.

[INFO] 20:35:11:677 Consola/(5229:5229): Paquete enviado correctamente.

[INFO] 20:35:11:677 Consola/(5229:5229): Terminando programa.

[INFO] 20:38:14:411 Consola/(5394:5394): Iniciando consola

[INFO] 20:38:14:414 Consola/(5394:5394): Instrucciones parseadas correctamente

[INFO] 20:38:14:424 Consola/(5394:5394): Conexion exitosa con kernel.

[INFO] 20:38:14:433 Consola/(5394:5394): Paquete enviado correctamente.

[INFO] 20:38:14:443 Consola/(5394:5394): Terminando programa.

[INFO] 20:39:28:561 Consola/(5496:5496): Iniciando consola

[INFO] 20:39:28:562 Consola/(5496:5496): Instrucciones parseadas correctamente

[INFO] 20:39:28:571 Consola/(5496:5496): Conexion exitosa con kernel.

[INFO] 20:39:28:582 Consola/(5496:5496): Paquete enviado correctamente.

[INFO] 20:39:28:582 Consola/(5496:5496): Terminando programa.

[INFO] 20:44:08:280 Consola/(5818:5818): Iniciando consola

[INFO] 20:44:08:284 Consola/(5818:5818): Instrucciones parseadas correctamente

[INFO] 20:44:08:297 Consola/(5818:5818): Conexion exitosa con kernel.

[INFO] 20:44:08:309 Consola/(5818:5818): Paquete enviado correctamente.

[INFO] 20:44:08:309 Consola/(5818:5818): Terminando programa.

[INFO] 19:32:42:946 Consola/(17031:17031): Iniciando consola

[INFO] 19:32:42:959 Consola/(17031:17031): Instrucciones parseadas correctamente

[INFO] 19:32:42:972 Consola/(17031:17031): Conexion exitosa con kernel.

[INFO] 19:32:42:982 Consola/(17031:17031): Paquete enviado correctamente.

[INFO] 19:32:42:983 Consola/(17031:17031): Terminando programa.

[INFO] 19:33:36:382 Consola/(17103:17103): Iniciando consola

[INFO] 19:33:36:385 Consola/(17103:17103): Instrucciones parseadas correctamente

[INFO] 19:33:36:390 Consola/(17103:17103): Conexion exitosa con kernel.

[INFO] 19:33:36:401 Consola/(17103:17103): Paquete enviado correctamente.

[INFO] 19:33:36:402 Consola/(17103:17103): Terminando programa.

[INFO] 19:35:11:639 Consola/(17196:17196): Iniciando consola

[INFO] 19:35:11:661 Consola/(17196:17196): Instrucciones parseadas correctamente

[INFO] 19:35:11:693 Consola/(17196:17196): Conexion exitosa con kernel.

[INFO] 19:35:11:700 Consola/(17196:17196): Paquete enviado correctamente.

[INFO] 19:35:11:703 Consola/(17196:17196): Terminando programa.

[INFO] 19:38:03:825 Consola/(17252:17252): Iniciando consola

[INFO] 19:38:03:843 Consola/(17252:17252): Instrucciones parseadas correctamente

[INFO] 19:38:03:850 Consola/(17252:17252): Conexion exitosa con kernel.

[INFO] 19:38:03:858 Consola/(17252:17252): Paquete enviado correctamente.

[INFO] 19:38:03:859 Consola/(17252:17252): Terminando programa.

[INFO] 19:41:27:773 Consola/(17389:17389): Iniciando consola

[INFO] 19:41:27:774 Consola/(17389:17389): Instrucciones parseadas correctamente

[INFO] 19:41:27:777 Consola/(17389:17389): Conexion exitosa con kernel.

[INFO] 19:41:27:779 Consola/(17389:17389): Paquete enviado correctamente.

[INFO] 19:41:27:779 Consola/(17389:17389): Terminando programa.

[INFO] 19:43:44:873 Consola/(17439:17439): Iniciando consola

[INFO] 19:43:44:875 Consola/(17439:17439): Instrucciones parseadas correctamente

[INFO] 19:43:44:879 Consola/(17439:17439): Conexion exitosa con kernel.

[INFO] 19:43:44:886 Consola/(17439:17439): Paquete enviado correctamente.

[INFO] 19:43:44:886 Consola/(17439:17439): Terminando programa.

[INFO] 19:46:47:047 Consola/(17570:17570): Iniciando consola

[INFO] 19:46:47:050 Consola/(17570:17570): Instrucciones parseadas correctamente

[INFO] 19:46:47:054 Consola/(17570:17570): Conexion exitosa con kernel.

[INFO] 19:46:47:060 Consola/(17570:17570): Paquete enviado correctamente.

[INFO] 19:46:47:061 Consola/(17570:17570): Terminando programa.

[INFO] 19:52:39:430 Consola/(17664:17664): Iniciando consola

[INFO] 19:52:39:432 Consola/(17664:17664): Instrucciones parseadas correctamente

[INFO] 19:52:39:434 Consola/(17664:17664): Conexion exitosa con kernel.

[INFO] 19:52:39:437 Consola/(17664:17664): Paquete enviado correctamente.

[INFO] 19:52:39:437 Consola/(17664:17664): Terminando programa.

[INFO] 19:56:43:432 Consola/(17810:17810): Iniciando consola

[INFO] 19:56:43:435 Consola/(17810:17810): Instrucciones parseadas correctamente

[INFO] 19:56:43:448 Consola/(17810:17810): Conexion exitosa con kernel.

[INFO] 19:56:43:451 Consola/(17810:17810): Paquete enviado correctamente.

[INFO] 19:56:43:452 Consola/(17810:17810): Terminando programa.

[INFO] 19:58:55:169 Consola/(17939:17939): Iniciando consola

[INFO] 19:58:55:171 Consola/(17939:17939): Instrucciones parseadas correctamente

[INFO] 19:58:55:173 Consola/(17939:17939): Conexion exitosa con kernel.

[INFO] 19:58:55:176 Consola/(17939:17939): Paquete enviado correctamente.

[INFO] 19:58:55:176 Consola/(17939:17939): Terminando programa.

[INFO] 20:03:39:945 Consola/(18096:18096): Iniciando consola

[INFO] 20:03:39:947 Consola/(18096:18096): Instrucciones parseadas correctamente

[INFO] 20:03:39:950 Consola/(18096:18096): Conexion exitosa con kernel.

[INFO] 20:03:39:952 Consola/(18096:18096): Paquete enviado correctamente.

[INFO] 20:03:39:952 Consola/(18096:18096): Terminando programa.

[INFO] 20:08:12:455 Consola/(18252:18252): Iniciando consola

[INFO] 20:08:12:457 Consola/(18252:18252): Instrucciones parseadas correctamente

[INFO] 20:08:12:469 Consola/(18252:18252): Conexion exitosa con kernel.

[INFO] 20:08:12:471 Consola/(18252:18252): Paquete enviado correctamente.

[INFO] 20:08:12:471 Consola/(18252:18252): Terminando programa.

[INFO] 20:10:53:069 Consola/(18387:18387): Iniciando consola

[INFO] 20:10:53:070 Consola/(18387:18387): Instrucciones parseadas correctamente

[INFO] 20:10:53:073 Consola/(18387:18387): Conexion exitosa con kernel.

[INFO] 20:10:53:075 Consola/(18387:18387): Paquete enviado correctamente.

[INFO] 20:10:53:075 Consola/(18387:18387): Terminando programa.

