[INFO] 23:43:02:538 Servidor CPU/(6254:6254): Hilo de interrupciones creado 

[INFO] 23:43:02:542 Servidor CPU/(6254:6254): Tlb creada 

[INFO] 16:35:40:600 Servidor CPU/(6821:6846): CPU listo para recibir interrupciones 

[INFO] 16:35:40:611 Servidor CPU/(6821:6821): Hilo de interrupciones creado 

[INFO] 16:35:41:161 Servidor CPU/(6821:6821): Tlb creada 

[INFO] 16:35:42:073 Servidor CPU/(6821:6821): CPU listo para recibir al modulo cliente 

[INFO] 16:37:00:052 Servidor CPU/(6821:6846): Se conecto Kernel al puerto interrupt 

[INFO] 16:37:58:500 Servidor CPU/(6821:6821): Recibi PCB de Id: 0 

[INFO] 16:40:27:378 Servidor CPU/(6821:6821): Se creo hilo para recibir interrupciones 

[INFO] 15:56:42:226 Servidor CPU/(8577:8577): Hilo de interrupciones creado 

[INFO] 15:56:42:228 Servidor CPU/(8577:8577): Tlb creada 

[INFO] 15:56:42:228 Servidor CPU/(8577:8577): CPU listo para recibir al modulo cliente 

[INFO] 15:56:42:229 Servidor CPU/(8577:8586): CPU listo para recibir interrupciones 

[INFO] 15:58:14:568 Servidor CPU/(8609:8654): CPU listo para recibir interrupciones 

[INFO] 15:58:48:488 Servidor CPU/(8609:8609): Hilo de interrupciones creado 

[INFO] 15:59:57:099 Servidor CPU/(8831:8873): Pedido de handshake enviado 

[INFO] 16:03:07:149 Servidor CPU/(8971:9012): Pedido de handshake enviado 

[INFO] 16:08:07:292 Servidor CPU/(9097:9135): Pedido de handshake enviado 

[INFO] 16:08:07:293 Servidor CPU/(9097:9135): Recibi configuracion por handshake 

[INFO] 16:11:56:628 Servidor CPU/(9257:9316): Pedido de handshake enviado 

[INFO] 16:11:56:629 Servidor CPU/(9257:9316): Recibi configuracion por handshake 

[INFO] 16:13:37:087 Servidor CPU/(9381:9381): Hilo de interrupciones creado 

[INFO] 16:13:37:088 Servidor CPU/(9381:9381): Tlb creada 

[INFO] 16:13:37:090 Servidor CPU/(9381:9381): CPU listo para recibir al modulo cliente 

[INFO] 16:13:37:090 Servidor CPU/(9381:9388): CPU listo para recibir interrupciones 

[INFO] 16:13:37:101 Servidor CPU/(9381:9387): Pedido de handshake enviado 

[INFO] 16:13:37:102 Servidor CPU/(9381:9387): Recibi configuracion por handshake 

[INFO] 16:14:17:150 Servidor CPU/(9439:9439): Hilo de interrupciones creado 

[INFO] 16:14:17:151 Servidor CPU/(9439:9439): Tlb creada 

[INFO] 16:14:17:153 Servidor CPU/(9439:9439): CPU listo para recibir al modulo cliente 

[INFO] 16:14:17:153 Servidor CPU/(9439:9446): CPU listo para recibir interrupciones 

[INFO] 16:14:17:163 Servidor CPU/(9439:9445): Pedido de handshake enviado 

[INFO] 16:14:17:164 Servidor CPU/(9439:9445): Recibi configuracion por handshake 

[INFO] 16:20:49:246 Servidor CPU/(9714:9755): Pedido de handshake enviado 

[INFO] 16:20:49:668 Servidor CPU/(9714:9755): Recibi configuracion por handshake 

[INFO] 16:21:04:667 Servidor CPU/(9714:9761): CPU listo para recibir interrupciones 

[INFO] 16:21:04:668 Servidor CPU/(9714:9714): Hilo de interrupciones creado 

[INFO] 16:21:09:000 Servidor CPU/(9714:9714): Tlb creada 

[INFO] 16:21:15:954 Servidor CPU/(9714:9714): CPU listo para recibir al modulo cliente 

[INFO] 16:21:54:330 Servidor CPU/(9714:9761): Se conecto Kernel al puerto interrupt 

[ERROR] 16:22:06:246 Servidor CPU/(9714:9761): Fallo la comunicacion. Abortando 

[ERROR] 16:22:30:993 Servidor CPU/(9714:9714): Fallo la comunicacion. Abortando 

[INFO] 16:23:37:557 Servidor CPU/(9860:9919): Pedido de handshake enviado 

[INFO] 16:23:38:334 Servidor CPU/(9860:9919): Recibi configuracion por handshake 

[INFO] 16:23:42:726 Servidor CPU/(9860:9925): CPU listo para recibir interrupciones 

[INFO] 16:23:42:727 Servidor CPU/(9860:9860): Hilo de interrupciones creado 

[INFO] 16:23:44:243 Servidor CPU/(9860:9860): Tlb creada 

[INFO] 16:23:50:531 Servidor CPU/(9860:9860): CPU listo para recibir al modulo cliente 

[INFO] 16:24:13:124 Servidor CPU/(9860:9925): Se conecto Kernel al puerto interrupt 

[INFO] 16:24:36:386 Servidor CPU/(9860:9860): Recibi PCB de Id: 0 

[INFO] 16:24:39:251 Servidor CPU/(9860:9860): Se creo hilo para recibir interrupciones 

[INFO] 16:24:39:253 Servidor CPU/(9860:9860): Se ejecuto instruccion NO-OP 

[INFO] 16:24:39:255 Servidor CPU/(9860:9860): Se ejecuto instruccion NO-OP 

[INFO] 16:24:39:258 Servidor CPU/(9860:9860): Se ejecuto instruccion NO-OP 

[INFO] 16:24:39:261 Servidor CPU/(9860:9860): Se ejecuto instruccion NO-OP 

[INFO] 16:24:39:263 Servidor CPU/(9860:9860): Se ejecuto instruccion NO-OP 

[INFO] 16:24:39:264 Servidor CPU/(9860:9860): Se ejecuto instruccion I/O 

[INFO] 16:25:18:528 Servidor CPU/(9860:9860): Recibi PCB de Id: 0 

[INFO] 16:25:20:114 Servidor CPU/(9860:9860): Se creo hilo para recibir interrupciones 

[INFO] 16:25:20:115 Servidor CPU/(9860:9860): Se ejecuto instruccion EXIT 

[INFO] 16:28:41:410 Servidor CPU/(10126:10172): Pedido de handshake enviado 

[INFO] 16:28:41:869 Servidor CPU/(10126:10172): Recibi configuracion por handshake 

[INFO] 16:28:43:894 Servidor CPU/(10126:10177): CPU listo para recibir interrupciones 

[INFO] 16:28:43:895 Servidor CPU/(10126:10126): Hilo de interrupciones creado 

[INFO] 16:28:44:910 Servidor CPU/(10126:10126): Tlb creada 

[INFO] 16:28:47:360 Servidor CPU/(10126:10126): CPU listo para recibir al modulo cliente 

[INFO] 16:30:23:852 Servidor CPU/(10278:10278): Hilo de interrupciones creado 

[INFO] 16:30:23:854 Servidor CPU/(10278:10278): Tlb creada 

[INFO] 16:30:23:854 Servidor CPU/(10278:10278): CPU listo para recibir al modulo cliente 

[INFO] 16:30:23:862 Servidor CPU/(10278:10285): CPU listo para recibir interrupciones 

[INFO] 16:30:23:863 Servidor CPU/(10278:10284): Pedido de handshake enviado 

[INFO] 16:30:28:051 Servidor CPU/(10278:10285): Se conecto Kernel al puerto interrupt 

[INFO] 16:30:40:946 Servidor CPU/(10278:10284): Recibi configuracion por handshake 

[ERROR] 16:31:10:888 Servidor CPU/(10278:10285): Fallo la comunicacion. Abortando 

[ERROR] 16:31:10:888 Servidor CPU/(10278:10278): Fallo la comunicacion. Abortando 

[INFO] 16:32:25:092 Servidor CPU/(10456:10456): Hilo de interrupciones creado 

[INFO] 16:32:25:093 Servidor CPU/(10456:10456): Tlb creada 

[INFO] 16:32:25:093 Servidor CPU/(10456:10456): CPU listo para recibir al modulo cliente 

[INFO] 16:32:25:098 Servidor CPU/(10456:10462): CPU listo para recibir interrupciones 

[INFO] 16:32:25:098 Servidor CPU/(10456:10461): Pedido de handshake enviado 

[INFO] 16:32:29:186 Servidor CPU/(10456:10462): Se conecto Kernel al puerto interrupt 

[INFO] 16:32:34:475 Servidor CPU/(10456:10461): Recibi configuracion por handshake 

[ERROR] 16:32:34:768 Servidor CPU/(10456:10462): Fallo la comunicacion. Abortando 

[ERROR] 16:32:34:768 Servidor CPU/(10456:10456): Fallo la comunicacion. Abortando 

[INFO] 16:34:22:815 Servidor CPU/(10550:10550): Hilo de interrupciones creado 

[INFO] 16:34:22:817 Servidor CPU/(10550:10550): Tlb creada 

[INFO] 16:34:22:817 Servidor CPU/(10550:10550): CPU listo para recibir al modulo cliente 

[INFO] 16:34:22:820 Servidor CPU/(10550:10557): CPU listo para recibir interrupciones 

[INFO] 16:34:22:820 Servidor CPU/(10550:10556): Pedido de handshake enviado 

[INFO] 16:34:22:822 Servidor CPU/(10550:10556): Recibi configuracion por handshake 

[INFO] 16:34:26:732 Servidor CPU/(10550:10557): Se conecto Kernel al puerto interrupt 

[ERROR] 16:34:31:527 Servidor CPU/(10550:10557): Fallo la comunicacion. Abortando 

[ERROR] 16:34:31:527 Servidor CPU/(10550:10550): Fallo la comunicacion. Abortando 

[INFO] 16:43:20:216 Servidor CPU/(10845:10845): Hilo de interrupciones creado 

[INFO] 16:43:20:217 Servidor CPU/(10845:10845): Tlb creada 

[INFO] 16:43:20:218 Servidor CPU/(10845:10845): CPU listo para recibir al modulo cliente 

[INFO] 16:43:20:223 Servidor CPU/(10845:10852): CPU listo para recibir interrupciones 

[INFO] 16:43:20:224 Servidor CPU/(10845:10851): Pedido de handshake enviado 

[INFO] 16:43:20:227 Servidor CPU/(10845:10851): Recibi configuracion por handshake 

[INFO] 16:43:22:911 Servidor CPU/(10845:10852): Se conecto Kernel al puerto interrupt 

[ERROR] 16:43:27:505 Servidor CPU/(10845:10852): Fallo la comunicacion. Abortando 

[ERROR] 16:43:27:506 Servidor CPU/(10845:10845): Fallo la comunicacion. Abortando 

[INFO] 17:00:02:364 Servidor CPU/(11755:11755): Hilo de interrupciones creado 

[INFO] 17:00:02:370 Servidor CPU/(11755:11755): Tlb creada 

[INFO] 17:00:02:371 Servidor CPU/(11755:11755): CPU listo para recibir al modulo cliente 

[INFO] 17:00:02:373 Servidor CPU/(11755:11763): CPU listo para recibir interrupciones 

[INFO] 17:00:02:374 Servidor CPU/(11755:11762): Pedido de handshake enviado 

[INFO] 17:00:02:376 Servidor CPU/(11755:11762): Recibi configuracion por handshake 

[INFO] 17:00:07:275 Servidor CPU/(11755:11763): Se conecto Kernel al puerto interrupt 

[ERROR] 17:00:12:939 Servidor CPU/(11755:11763): Fallo la comunicacion. Abortando 

[ERROR] 17:00:12:939 Servidor CPU/(11755:11755): Fallo la comunicacion. Abortando 

[INFO] 17:03:24:022 Servidor CPU/(11945:11945): Hilo de interrupciones creado 

[INFO] 17:03:24:024 Servidor CPU/(11945:11945): Tlb creada 

[INFO] 17:03:24:028 Servidor CPU/(11945:11945): CPU listo para recibir al modulo cliente 

[INFO] 17:03:24:035 Servidor CPU/(11945:11953): CPU listo para recibir interrupciones 

[INFO] 17:03:24:036 Servidor CPU/(11945:11952): Pedido de handshake enviado 

[INFO] 17:03:24:042 Servidor CPU/(11945:11952): Recibi configuracion por handshake 

[INFO] 17:03:29:481 Servidor CPU/(11945:11953): Se conecto Kernel al puerto interrupt 

[ERROR] 17:03:33:541 Servidor CPU/(11945:11953): Fallo la comunicacion. Abortando 

[ERROR] 17:03:33:541 Servidor CPU/(11945:11945): Fallo la comunicacion. Abortando 

[INFO] 17:05:04:426 Servidor CPU/(12117:12117): Hilo de interrupciones creado 

[INFO] 17:05:04:439 Servidor CPU/(12117:12117): Tlb creada 

[INFO] 17:05:04:440 Servidor CPU/(12117:12117): CPU listo para recibir al modulo cliente 

[INFO] 17:05:04:444 Servidor CPU/(12117:12124): CPU listo para recibir interrupciones 

[INFO] 17:05:04:450 Servidor CPU/(12117:12123): Pedido de handshake enviado 

[INFO] 17:05:04:453 Servidor CPU/(12117:12123): Recibi configuracion por handshake 

[INFO] 17:05:11:259 Servidor CPU/(12117:12124): Se conecto Kernel al puerto interrupt 

[ERROR] 17:05:16:672 Servidor CPU/(12117:12124): Fallo la comunicacion. Abortando 

[ERROR] 17:05:16:672 Servidor CPU/(12117:12117): Fallo la comunicacion. Abortando 

[INFO] 17:07:23:018 Servidor CPU/(12276:12276): Hilo de interrupciones creado 

[INFO] 17:07:23:019 Servidor CPU/(12276:12276): Tlb creada 

[INFO] 17:07:23:019 Servidor CPU/(12276:12276): CPU listo para recibir al modulo cliente 

[INFO] 17:07:23:019 Servidor CPU/(12276:12284): CPU listo para recibir interrupciones 

[INFO] 17:07:23:029 Servidor CPU/(12276:12283): Pedido de handshake enviado 

[INFO] 17:07:23:031 Servidor CPU/(12276:12283): Recibi configuracion por handshake 

[INFO] 17:07:26:867 Servidor CPU/(12276:12284): Se conecto Kernel al puerto interrupt 

[ERROR] 17:07:34:100 Servidor CPU/(12276:12284): Fallo la comunicacion. Abortando 

[ERROR] 17:07:34:100 Servidor CPU/(12276:12276): Fallo la comunicacion. Abortando 

[INFO] 17:10:27:782 Servidor CPU/(12450:12450): Hilo de interrupciones creado 

[INFO] 17:10:27:787 Servidor CPU/(12450:12450): Tlb creada 

[INFO] 17:10:27:787 Servidor CPU/(12450:12450): CPU listo para recibir al modulo cliente 

[INFO] 17:10:27:790 Servidor CPU/(12450:12458): CPU listo para recibir interrupciones 

[INFO] 17:10:27:790 Servidor CPU/(12450:12457): Pedido de handshake enviado 

[INFO] 17:10:27:794 Servidor CPU/(12450:12457): Recibi configuracion por handshake 

[INFO] 17:10:34:031 Servidor CPU/(12450:12458): Se conecto Kernel al puerto interrupt 

[ERROR] 17:10:37:010 Servidor CPU/(12450:12458): Fallo la comunicacion. Abortando 

[ERROR] 17:10:37:010 Servidor CPU/(12450:12450): Fallo la comunicacion. Abortando 

[INFO] 17:11:57:902 Servidor CPU/(12611:12611): Hilo de interrupciones creado 

[INFO] 17:11:57:908 Servidor CPU/(12611:12611): Tlb creada 

[INFO] 17:11:57:908 Servidor CPU/(12611:12611): CPU listo para recibir al modulo cliente 

[INFO] 17:11:57:910 Servidor CPU/(12611:12619): CPU listo para recibir interrupciones 

[INFO] 17:11:57:915 Servidor CPU/(12611:12618): Pedido de handshake enviado 

[INFO] 17:11:57:917 Servidor CPU/(12611:12618): Recibi configuracion por handshake 

[INFO] 17:12:01:425 Servidor CPU/(12611:12619): Se conecto Kernel al puerto interrupt 

[ERROR] 17:12:06:170 Servidor CPU/(12611:12619): Fallo la comunicacion. Abortando 

[ERROR] 17:12:06:171 Servidor CPU/(12611:12611): Fallo la comunicacion. Abortando 

[INFO] 17:15:11:301 Servidor CPU/(12809:12809): Hilo de interrupciones creado 

[INFO] 17:15:11:306 Servidor CPU/(12809:12809): Tlb creada 

[INFO] 17:15:11:307 Servidor CPU/(12809:12809): CPU listo para recibir al modulo cliente 

[INFO] 17:15:11:309 Servidor CPU/(12809:12817): CPU listo para recibir interrupciones 

[INFO] 17:15:11:309 Servidor CPU/(12809:12816): Pedido de handshake enviado 

[INFO] 17:15:11:310 Servidor CPU/(12809:12816): Recibi configuracion por handshake 

[INFO] 17:15:14:706 Servidor CPU/(12809:12817): Se conecto Kernel al puerto interrupt 

[ERROR] 17:15:22:039 Servidor CPU/(12809:12817): Fallo la comunicacion. Abortando 

[ERROR] 17:15:22:039 Servidor CPU/(12809:12809): Fallo la comunicacion. Abortando 

[INFO] 17:21:59:172 Servidor CPU/(13150:13150): Hilo de interrupciones creado 

[INFO] 17:21:59:178 Servidor CPU/(13150:13150): Tlb creada 

[INFO] 17:21:59:180 Servidor CPU/(13150:13150): CPU listo para recibir al modulo cliente 

[INFO] 17:21:59:181 Servidor CPU/(13150:13158): CPU listo para recibir interrupciones 

[INFO] 17:21:59:182 Servidor CPU/(13150:13157): Pedido de handshake enviado 

[INFO] 17:21:59:184 Servidor CPU/(13150:13157): Recibi configuracion por handshake 

[INFO] 17:22:04:133 Servidor CPU/(13150:13158): Se conecto Kernel al puerto interrupt 

[ERROR] 17:22:12:931 Servidor CPU/(13150:13158): Fallo la comunicacion. Abortando 

[ERROR] 17:22:12:931 Servidor CPU/(13150:13150): Fallo la comunicacion. Abortando 

[INFO] 17:24:48:312 Servidor CPU/(13348:13348): Hilo de interrupciones creado 

[INFO] 17:24:48:318 Servidor CPU/(13348:13348): Tlb creada 

[INFO] 17:24:48:318 Servidor CPU/(13348:13348): CPU listo para recibir al modulo cliente 

[INFO] 17:24:48:319 Servidor CPU/(13348:13356): CPU listo para recibir interrupciones 

[INFO] 17:24:48:320 Servidor CPU/(13348:13355): Pedido de handshake enviado 

[INFO] 17:24:48:323 Servidor CPU/(13348:13355): Recibi configuracion por handshake 

[INFO] 17:24:52:531 Servidor CPU/(13348:13356): Se conecto Kernel al puerto interrupt 

[ERROR] 17:24:57:045 Servidor CPU/(13348:13356): Fallo la comunicacion. Abortando 

[ERROR] 17:24:57:045 Servidor CPU/(13348:13348): Fallo la comunicacion. Abortando 

[INFO] 17:28:58:780 Servidor CPU/(13555:13555): Hilo de interrupciones creado 

[INFO] 17:28:58:783 Servidor CPU/(13555:13555): Tlb creada 

[INFO] 17:28:58:785 Servidor CPU/(13555:13555): CPU listo para recibir al modulo cliente 

[INFO] 17:28:58:790 Servidor CPU/(13555:13562): CPU listo para recibir interrupciones 

[INFO] 17:28:58:792 Servidor CPU/(13555:13561): Pedido de handshake enviado 

[INFO] 17:28:58:794 Servidor CPU/(13555:13561): Recibi configuracion por handshake 

[INFO] 17:29:02:197 Servidor CPU/(13555:13562): Se conecto Kernel al puerto interrupt 

[ERROR] 17:29:05:178 Servidor CPU/(13555:13562): Fallo la comunicacion. Abortando 

[ERROR] 17:29:05:178 Servidor CPU/(13555:13555): Fallo la comunicacion. Abortando 

[INFO] 17:31:23:236 Servidor CPU/(13742:13742): Hilo de interrupciones creado 

[INFO] 17:31:23:241 Servidor CPU/(13742:13742): Tlb creada 

[INFO] 17:31:23:241 Servidor CPU/(13742:13742): CPU listo para recibir al modulo cliente 

[INFO] 17:31:23:246 Servidor CPU/(13742:13750): CPU listo para recibir interrupciones 

[INFO] 17:31:23:254 Servidor CPU/(13742:13749): Pedido de handshake enviado 

[INFO] 17:31:23:256 Servidor CPU/(13742:13749): Recibi configuracion por handshake 

[INFO] 17:31:30:737 Servidor CPU/(13742:13750): Se conecto Kernel al puerto interrupt 

[ERROR] 17:35:34:910 Servidor CPU/(13742:13750): Fallo la comunicacion. Abortando 

[ERROR] 17:35:34:910 Servidor CPU/(13742:13742): Fallo la comunicacion. Abortando 

[INFO] 17:37:07:199 Servidor CPU/(14142:14142): Hilo de interrupciones creado 

[INFO] 17:37:07:208 Servidor CPU/(14142:14142): Tlb creada 

[INFO] 17:37:07:211 Servidor CPU/(14142:14142): CPU listo para recibir al modulo cliente 

[INFO] 17:37:07:215 Servidor CPU/(14142:14149): CPU listo para recibir interrupciones 

[INFO] 17:37:07:219 Servidor CPU/(14142:14148): Pedido de handshake enviado 

[INFO] 17:37:07:222 Servidor CPU/(14142:14148): Recibi configuracion por handshake 

[INFO] 17:37:12:547 Servidor CPU/(14142:14149): Se conecto Kernel al puerto interrupt 

[ERROR] 17:38:31:378 Servidor CPU/(14142:14149): Fallo la comunicacion. Abortando 

[ERROR] 17:38:31:379 Servidor CPU/(14142:14142): Fallo la comunicacion. Abortando 

[INFO] 17:47:50:493 Servidor CPU/(14500:14500): Hilo de interrupciones creado 

[INFO] 17:47:50:497 Servidor CPU/(14500:14500): Tlb creada 

[INFO] 17:47:50:498 Servidor CPU/(14500:14500): CPU listo para recibir al modulo cliente 

[INFO] 17:47:50:503 Servidor CPU/(14500:14508): CPU listo para recibir interrupciones 

[INFO] 17:47:50:503 Servidor CPU/(14500:14507): Pedido de handshake enviado 

[INFO] 17:47:50:507 Servidor CPU/(14500:14507): Recibi configuracion por handshake 

[INFO] 17:47:54:050 Servidor CPU/(14500:14508): Se conecto Kernel al puerto interrupt 

[ERROR] 17:48:22:261 Servidor CPU/(14500:14508): Fallo la comunicacion. Abortando 

[ERROR] 17:48:22:261 Servidor CPU/(14500:14500): Fallo la comunicacion. Abortando 

[INFO] 17:49:42:602 Servidor CPU/(14646:14646): Hilo de interrupciones creado 

[INFO] 17:49:42:607 Servidor CPU/(14646:14646): Tlb creada 

[INFO] 17:49:42:608 Servidor CPU/(14646:14646): CPU listo para recibir al modulo cliente 

[INFO] 17:49:42:609 Servidor CPU/(14646:14654): CPU listo para recibir interrupciones 

[INFO] 17:49:42:610 Servidor CPU/(14646:14653): Pedido de handshake enviado 

[INFO] 17:49:42:614 Servidor CPU/(14646:14653): Recibi configuracion por handshake 

[INFO] 17:49:48:575 Servidor CPU/(14646:14654): Se conecto Kernel al puerto interrupt 

[ERROR] 17:50:58:276 Servidor CPU/(14646:14654): Fallo la comunicacion. Abortando 

[ERROR] 17:50:58:276 Servidor CPU/(14646:14646): Fallo la comunicacion. Abortando 

[INFO] 17:53:58:789 Servidor CPU/(14907:14907): Hilo de interrupciones creado 

[INFO] 17:53:58:793 Servidor CPU/(14907:14907): Tlb creada 

[INFO] 17:53:58:795 Servidor CPU/(14907:14907): CPU listo para recibir al modulo cliente 

[INFO] 17:53:58:796 Servidor CPU/(14907:14915): CPU listo para recibir interrupciones 

[INFO] 17:53:58:799 Servidor CPU/(14907:14914): Pedido de handshake enviado 

[INFO] 17:53:58:801 Servidor CPU/(14907:14914): Recibi configuracion por handshake 

[INFO] 17:54:02:879 Servidor CPU/(14907:14915): Se conecto Kernel al puerto interrupt 

[ERROR] 17:55:34:589 Servidor CPU/(14907:14915): Fallo la comunicacion. Abortando 

[ERROR] 17:55:34:589 Servidor CPU/(14907:14907): Fallo la comunicacion. Abortando 

[INFO] 17:56:58:635 Servidor CPU/(15069:15069): Hilo de interrupciones creado 

[INFO] 17:56:58:637 Servidor CPU/(15069:15069): Tlb creada 

[INFO] 17:56:58:637 Servidor CPU/(15069:15069): CPU listo para recibir al modulo cliente 

[INFO] 17:56:58:641 Servidor CPU/(15069:15077): CPU listo para recibir interrupciones 

[INFO] 17:56:58:646 Servidor CPU/(15069:15076): Pedido de handshake enviado 

[INFO] 17:56:58:648 Servidor CPU/(15069:15076): Recibi configuracion por handshake 

[INFO] 17:57:03:240 Servidor CPU/(15069:15077): Se conecto Kernel al puerto interrupt 

[ERROR] 17:57:56:601 Servidor CPU/(15069:15077): Fallo la comunicacion. Abortando 

[ERROR] 17:57:56:601 Servidor CPU/(15069:15069): Fallo la comunicacion. Abortando 

[INFO] 17:59:39:910 Servidor CPU/(15231:15231): Hilo de interrupciones creado 

[INFO] 17:59:39:911 Servidor CPU/(15231:15231): Tlb creada 

[INFO] 17:59:39:911 Servidor CPU/(15231:15231): CPU listo para recibir al modulo cliente 

[INFO] 17:59:39:911 Servidor CPU/(15231:15239): CPU listo para recibir interrupciones 

[INFO] 17:59:39:917 Servidor CPU/(15231:15238): Pedido de handshake enviado 

[INFO] 17:59:39:920 Servidor CPU/(15231:15238): Recibi configuracion por handshake 

[INFO] 17:59:42:626 Servidor CPU/(15231:15239): Se conecto Kernel al puerto interrupt 

[ERROR] 18:00:16:158 Servidor CPU/(15231:15239): Fallo la comunicacion. Abortando 

[ERROR] 18:00:16:158 Servidor CPU/(15231:15231): Fallo la comunicacion. Abortando 

[INFO] 18:01:50:218 Servidor CPU/(15543:15543): Hilo de interrupciones creado 

[INFO] 18:01:50:224 Servidor CPU/(15543:15543): Tlb creada 

[INFO] 18:01:50:225 Servidor CPU/(15543:15543): CPU listo para recibir al modulo cliente 

[INFO] 18:01:50:226 Servidor CPU/(15543:15551): CPU listo para recibir interrupciones 

[INFO] 18:01:50:227 Servidor CPU/(15543:15550): Pedido de handshake enviado 

[INFO] 18:01:50:228 Servidor CPU/(15543:15550): Recibi configuracion por handshake 

[INFO] 18:01:53:122 Servidor CPU/(15543:15551): Se conecto Kernel al puerto interrupt 

[ERROR] 18:03:49:425 Servidor CPU/(15543:15551): Fallo la comunicacion. Abortando 

[ERROR] 18:03:49:425 Servidor CPU/(15543:15543): Fallo la comunicacion. Abortando 

[INFO] 18:05:15:540 Servidor CPU/(15794:15794): Hilo de interrupciones creado 

[INFO] 18:05:15:542 Servidor CPU/(15794:15794): Tlb creada 

[INFO] 18:05:15:542 Servidor CPU/(15794:15794): CPU listo para recibir al modulo cliente 

[INFO] 18:05:15:545 Servidor CPU/(15794:15802): CPU listo para recibir interrupciones 

[INFO] 18:05:15:546 Servidor CPU/(15794:15801): Pedido de handshake enviado 

[INFO] 18:05:15:548 Servidor CPU/(15794:15801): Recibi configuracion por handshake 

[INFO] 18:05:18:619 Servidor CPU/(15794:15802): Se conecto Kernel al puerto interrupt 

[ERROR] 18:06:42:100 Servidor CPU/(15794:15802): Fallo la comunicacion. Abortando 

[ERROR] 18:06:42:100 Servidor CPU/(15794:15794): Fallo la comunicacion. Abortando 

[INFO] 18:30:20:239 Servidor CPU/(16326:16326): Hilo de interrupciones creado 

[INFO] 18:30:20:243 Servidor CPU/(16326:16326): Tlb creada 

[INFO] 18:30:20:244 Servidor CPU/(16326:16326): CPU listo para recibir al modulo cliente 

[INFO] 18:30:20:247 Servidor CPU/(16326:16334): CPU listo para recibir interrupciones 

[INFO] 18:30:20:249 Servidor CPU/(16326:16333): Pedido de handshake enviado 

[INFO] 18:30:20:251 Servidor CPU/(16326:16333): Recibi configuracion por handshake 

[INFO] 18:30:25:347 Servidor CPU/(16326:16334): Se conecto Kernel al puerto interrupt 

[ERROR] 18:30:29:098 Servidor CPU/(16326:16334): Fallo la comunicacion. Abortando 

[ERROR] 18:30:29:098 Servidor CPU/(16326:16326): Fallo la comunicacion. Abortando 

[INFO] 18:32:32:008 Servidor CPU/(16504:16504): Hilo de interrupciones creado 

[INFO] 18:32:32:010 Servidor CPU/(16504:16504): Tlb creada 

[INFO] 18:32:32:010 Servidor CPU/(16504:16504): CPU listo para recibir al modulo cliente 

[INFO] 18:32:32:013 Servidor CPU/(16504:16512): CPU listo para recibir interrupciones 

[INFO] 18:32:32:013 Servidor CPU/(16504:16511): Pedido de handshake enviado 

[INFO] 18:32:32:016 Servidor CPU/(16504:16511): Recibi configuracion por handshake 

[INFO] 18:32:34:199 Servidor CPU/(16504:16512): Se conecto Kernel al puerto interrupt 

[INFO] 18:34:20:510 Servidor CPU/(16504:16504): Recibi PCB de Id: 0 

[INFO] 18:34:20:510 Servidor CPU/(16504:16504): Se creo hilo para recibir interrupciones 

[INFO] 18:44:37:219 Servidor CPU/(17077:17077): Hilo de interrupciones creado 

[INFO] 18:44:37:219 Servidor CPU/(17077:17077): Tlb creada 

[INFO] 18:44:37:219 Servidor CPU/(17077:17077): CPU listo para recibir al modulo cliente 

[INFO] 18:44:37:220 Servidor CPU/(17077:17084): CPU listo para recibir interrupciones 

[INFO] 18:44:37:220 Servidor CPU/(17077:17083): Pedido de handshake enviado 

[INFO] 18:44:40:302 Servidor CPU/(17077:17084): Se conecto Kernel al puerto interrupt 

[INFO] 18:44:53:108 Servidor CPU/(17077:17083): Recibi configuracion por handshake 

[ERROR] 18:44:53:435 Servidor CPU/(17077:17084): Fallo la comunicacion. Abortando 

[ERROR] 18:44:53:435 Servidor CPU/(17077:17077): Fallo la comunicacion. Abortando 

[INFO] 18:51:32:352 Servidor CPU/(17390:17390): Hilo de interrupciones creado 

[INFO] 18:51:32:355 Servidor CPU/(17390:17390): Tlb creada 

[INFO] 18:51:32:356 Servidor CPU/(17390:17390): CPU listo para recibir al modulo cliente 

[INFO] 18:51:32:358 Servidor CPU/(17390:17400): CPU listo para recibir interrupciones 

[INFO] 18:51:32:358 Servidor CPU/(17390:17399): Pedido de handshake enviado 

[INFO] 18:51:32:363 Servidor CPU/(17390:17399): Recibi configuracion por handshake 

[INFO] 18:51:36:826 Servidor CPU/(17390:17400): Se conecto Kernel al puerto interrupt 

[INFO] 18:51:39:557 Servidor CPU/(17390:17390): Recibi PCB de Id: 0 

[INFO] 18:51:39:557 Servidor CPU/(17390:17390): Se creo hilo para recibir interrupciones 

[INFO] 18:51:39:559 Servidor CPU/(17390:17390): Se ejecuto instruccion NO-OP 

[INFO] 18:51:39:560 Servidor CPU/(17390:17390): Se ejecuto instruccion NO-OP 

[INFO] 18:51:39:562 Servidor CPU/(17390:17390): Se ejecuto instruccion NO-OP 

[INFO] 18:51:39:563 Servidor CPU/(17390:17390): Se ejecuto instruccion NO-OP 

[INFO] 18:51:39:564 Servidor CPU/(17390:17390): Se ejecuto instruccion NO-OP 

[INFO] 18:51:39:564 Servidor CPU/(17390:17390): Se ejecuto instruccion I/O 

[INFO] 18:51:39:671 Servidor CPU/(17390:17390): Recibi PCB de Id: 0 

[INFO] 18:51:39:671 Servidor CPU/(17390:17390): Se creo hilo para recibir interrupciones 

[INFO] 18:51:39:671 Servidor CPU/(17390:17390): Se ejecuto instruccion EXIT 

[INFO] 18:58:04:468 Servidor CPU/(17644:17644): Hilo de interrupciones creado 

[INFO] 18:58:04:472 Servidor CPU/(17644:17644): Tlb creada 

[INFO] 18:59:00:948 Servidor CPU/(17832:17832): Hilo de interrupciones creado 

[INFO] 18:59:00:950 Servidor CPU/(17832:17832): Tlb creada 

[INFO] 18:59:00:950 Servidor CPU/(17832:17832): CPU listo para recibir al modulo cliente 

[INFO] 18:59:00:953 Servidor CPU/(17832:17840): CPU listo para recibir interrupciones 

[INFO] 18:59:00:953 Servidor CPU/(17832:17839): Pedido de handshake enviado 

[INFO] 18:59:00:956 Servidor CPU/(17832:17839): Recibi configuracion por handshake 

[INFO] 18:59:04:205 Servidor CPU/(17832:17840): Se conecto Kernel al puerto interrupt 

[ERROR] 18:59:07:739 Servidor CPU/(17832:17840): Fallo la comunicacion. Abortando 

[ERROR] 18:59:07:739 Servidor CPU/(17832:17832): Fallo la comunicacion. Abortando 

[INFO] 19:00:24:317 Servidor CPU/(17966:17966): Hilo de interrupciones creado 

[INFO] 19:00:24:319 Servidor CPU/(17966:17966): Tlb creada 

[INFO] 19:00:24:321 Servidor CPU/(17966:17966): CPU listo para recibir al modulo cliente 

[INFO] 19:00:24:322 Servidor CPU/(17966:17974): CPU listo para recibir interrupciones 

[INFO] 19:00:24:323 Servidor CPU/(17966:17973): Pedido de handshake enviado 

[INFO] 19:00:24:324 Servidor CPU/(17966:17973): Recibi configuracion por handshake 

[INFO] 19:00:33:536 Servidor CPU/(17966:17974): Se conecto Kernel al puerto interrupt 

[INFO] 19:00:38:792 Servidor CPU/(17966:17966): Recibi PCB de Id: 0 

[INFO] 19:00:38:792 Servidor CPU/(17966:17966): Se creo hilo para recibir interrupciones 

[INFO] 19:00:38:794 Servidor CPU/(17966:17966): Se ejecuto instruccion NO-OP 

[INFO] 19:00:38:795 Servidor CPU/(17966:17966): Se ejecuto instruccion NO-OP 

[INFO] 19:00:38:797 Servidor CPU/(17966:17966): Se ejecuto instruccion NO-OP 

[INFO] 19:00:38:798 Servidor CPU/(17966:17966): Se ejecuto instruccion NO-OP 

[INFO] 19:00:38:800 Servidor CPU/(17966:17966): Se ejecuto instruccion NO-OP 

[INFO] 19:00:38:800 Servidor CPU/(17966:17966): Se ejecuto instruccion I/O 

[INFO] 19:00:38:909 Servidor CPU/(17966:17966): Recibi PCB de Id: 0 

[INFO] 19:00:38:909 Servidor CPU/(17966:17966): Se creo hilo para recibir interrupciones 

[INFO] 19:00:38:909 Servidor CPU/(17966:17966): Se ejecuto instruccion EXIT 

[INFO] 19:04:33:545 Servidor CPU/(18216:18216): Hilo de interrupciones creado 

[INFO] 19:04:33:549 Servidor CPU/(18216:18216): Tlb creada 

[INFO] 19:05:24:857 Servidor CPU/(18400:18400): Hilo de interrupciones creado 

[INFO] 19:05:24:859 Servidor CPU/(18400:18400): Tlb creada 

[INFO] 19:05:24:861 Servidor CPU/(18400:18400): CPU listo para recibir al modulo cliente 

[INFO] 19:05:24:863 Servidor CPU/(18400:18408): CPU listo para recibir interrupciones 

[INFO] 19:05:24:863 Servidor CPU/(18400:18407): Pedido de handshake enviado 

[INFO] 19:05:24:865 Servidor CPU/(18400:18407): Recibi configuracion por handshake 

[INFO] 19:05:28:558 Servidor CPU/(18400:18408): Se conecto Kernel al puerto interrupt 

[INFO] 19:05:32:070 Servidor CPU/(18400:18400): Recibi PCB de Id: 0 

[INFO] 19:05:32:070 Servidor CPU/(18400:18400): Se creo hilo para recibir interrupciones 

[INFO] 19:05:32:071 Servidor CPU/(18400:18400): Se ejecuto instruccion NO-OP 

[INFO] 19:05:32:073 Servidor CPU/(18400:18400): Se ejecuto instruccion NO-OP 

[INFO] 19:05:32:074 Servidor CPU/(18400:18400): Se ejecuto instruccion NO-OP 

[INFO] 19:05:32:076 Servidor CPU/(18400:18400): Se ejecuto instruccion NO-OP 

[INFO] 19:05:32:077 Servidor CPU/(18400:18400): Se ejecuto instruccion NO-OP 

[INFO] 19:05:32:077 Servidor CPU/(18400:18400): Se ejecuto instruccion I/O 

[INFO] 19:05:32:186 Servidor CPU/(18400:18400): Recibi PCB de Id: 0 

[INFO] 19:05:32:186 Servidor CPU/(18400:18400): Se creo hilo para recibir interrupciones 

[INFO] 19:05:32:186 Servidor CPU/(18400:18400): Se ejecuto instruccion EXIT 

[ERROR] 19:10:34:467 Servidor CPU/(18400:18408): Fallo la comunicacion. Abortando 

[ERROR] 19:10:34:467 Servidor CPU/(18400:18400): Fallo la comunicacion. Abortando 

[INFO] 19:14:35:145 Servidor CPU/(18909:18909): Hilo de interrupciones creado 

[INFO] 19:14:35:147 Servidor CPU/(18909:18909): Tlb creada 

[INFO] 19:14:35:148 Servidor CPU/(18909:18909): CPU listo para recibir al modulo cliente 

[INFO] 19:14:35:151 Servidor CPU/(18909:18917): CPU listo para recibir interrupciones 

[INFO] 19:14:35:152 Servidor CPU/(18909:18916): Pedido de handshake enviado 

[INFO] 19:14:35:153 Servidor CPU/(18909:18916): Recibi configuracion por handshake 

[INFO] 19:14:38:878 Servidor CPU/(18909:18917): Se conecto Kernel al puerto interrupt 

[INFO] 19:14:42:273 Servidor CPU/(18909:18909): Recibi PCB de Id: 0 

[INFO] 19:14:42:273 Servidor CPU/(18909:18909): Se creo hilo para recibir interrupciones 

[INFO] 19:14:42:274 Servidor CPU/(18909:18909): Se ejecuto instruccion NO-OP 

[INFO] 19:14:42:276 Servidor CPU/(18909:18909): Se ejecuto instruccion NO-OP 

[INFO] 19:14:42:278 Servidor CPU/(18909:18909): Se ejecuto instruccion NO-OP 

[INFO] 19:14:42:282 Servidor CPU/(18909:18909): Se ejecuto instruccion NO-OP 

[INFO] 19:14:42:283 Servidor CPU/(18909:18909): Se ejecuto instruccion NO-OP 

[INFO] 19:14:42:284 Servidor CPU/(18909:18909): Se ejecuto instruccion I/O 

[INFO] 19:14:42:389 Servidor CPU/(18909:18909): Recibi PCB de Id: 0 

[INFO] 19:14:42:389 Servidor CPU/(18909:18909): Se creo hilo para recibir interrupciones 

[INFO] 19:14:42:390 Servidor CPU/(18909:18909): Se ejecuto instruccion EXIT 

[INFO] 19:23:04:025 Servidor CPU/(19287:19287): Hilo de interrupciones creado 

[INFO] 19:23:04:027 Servidor CPU/(19287:19287): Tlb creada 

[INFO] 19:23:04:028 Servidor CPU/(19287:19287): CPU listo para recibir al modulo cliente 

[INFO] 19:23:04:030 Servidor CPU/(19287:19295): CPU listo para recibir interrupciones 

[INFO] 19:23:04:031 Servidor CPU/(19287:19294): Pedido de handshake enviado 

[INFO] 19:23:04:033 Servidor CPU/(19287:19294): Recibi configuracion por handshake 

[INFO] 19:23:08:983 Servidor CPU/(19287:19295): Se conecto Kernel al puerto interrupt 

[ERROR] 19:23:11:597 Servidor CPU/(19287:19295): Fallo la comunicacion. Abortando 

[ERROR] 19:23:11:598 Servidor CPU/(19287:19287): Fallo la comunicacion. Abortando 

[INFO] 19:24:21:059 Servidor CPU/(19453:19453): Hilo de interrupciones creado 

[INFO] 19:24:21:061 Servidor CPU/(19453:19453): Tlb creada 

[INFO] 19:24:21:062 Servidor CPU/(19453:19453): CPU listo para recibir al modulo cliente 

[INFO] 19:24:21:071 Servidor CPU/(19453:19461): CPU listo para recibir interrupciones 

[INFO] 19:24:21:071 Servidor CPU/(19453:19460): Pedido de handshake enviado 

[INFO] 19:24:21:074 Servidor CPU/(19453:19460): Recibi configuracion por handshake 

[INFO] 19:24:23:857 Servidor CPU/(19453:19461): Se conecto Kernel al puerto interrupt 

[INFO] 19:24:26:675 Servidor CPU/(19453:19453): Recibi PCB de Id: 0 

[INFO] 19:24:26:675 Servidor CPU/(19453:19453): Se creo hilo para recibir interrupciones 

[INFO] 19:24:26:677 Servidor CPU/(19453:19453): Se ejecuto instruccion NO-OP 

[INFO] 19:24:26:680 Servidor CPU/(19453:19453): Se ejecuto instruccion NO-OP 

[INFO] 19:24:26:681 Servidor CPU/(19453:19453): Se ejecuto instruccion NO-OP 

[INFO] 19:24:26:683 Servidor CPU/(19453:19453): Se ejecuto instruccion NO-OP 

[INFO] 19:24:26:684 Servidor CPU/(19453:19453): Se ejecuto instruccion NO-OP 

[INFO] 19:24:26:684 Servidor CPU/(19453:19453): Se ejecuto instruccion I/O 

[INFO] 19:24:26:793 Servidor CPU/(19453:19453): Recibi PCB de Id: 0 

[INFO] 19:24:26:793 Servidor CPU/(19453:19453): Se creo hilo para recibir interrupciones 

[INFO] 19:24:26:794 Servidor CPU/(19453:19453): Se ejecuto instruccion EXIT 

[INFO] 19:27:02:716 Servidor CPU/(19705:19705): Hilo de interrupciones creado 

[INFO] 19:27:02:718 Servidor CPU/(19705:19705): Tlb creada 

[INFO] 19:27:02:726 Servidor CPU/(19705:19705): CPU listo para recibir al modulo cliente 

[INFO] 19:27:02:729 Servidor CPU/(19705:19713): CPU listo para recibir interrupciones 

[INFO] 19:27:02:729 Servidor CPU/(19705:19712): Pedido de handshake enviado 

[INFO] 19:27:02:731 Servidor CPU/(19705:19712): Recibi configuracion por handshake 

[INFO] 19:27:06:032 Servidor CPU/(19705:19713): Se conecto Kernel al puerto interrupt 

[INFO] 19:27:09:220 Servidor CPU/(19705:19705): Recibi PCB de Id: 0 

[INFO] 19:27:09:220 Servidor CPU/(19705:19705): Se creo hilo para recibir interrupciones 

[INFO] 19:27:09:222 Servidor CPU/(19705:19705): Se ejecuto instruccion NO-OP 

[INFO] 19:27:09:224 Servidor CPU/(19705:19705): Se ejecuto instruccion NO-OP 

[INFO] 19:27:09:225 Servidor CPU/(19705:19705): Se ejecuto instruccion NO-OP 

[INFO] 19:27:09:226 Servidor CPU/(19705:19705): Se ejecuto instruccion NO-OP 

[INFO] 19:27:09:228 Servidor CPU/(19705:19705): Se ejecuto instruccion NO-OP 

[INFO] 19:27:09:228 Servidor CPU/(19705:19705): Se ejecuto instruccion I/O 

[INFO] 19:27:09:336 Servidor CPU/(19705:19705): Recibi PCB de Id: 0 

[INFO] 19:27:09:336 Servidor CPU/(19705:19705): Se creo hilo para recibir interrupciones 

[INFO] 19:27:09:337 Servidor CPU/(19705:19705): Se ejecuto instruccion EXIT 

[INFO] 19:29:46:172 Servidor CPU/(19941:19941): Hilo de interrupciones creado 

[INFO] 19:29:46:174 Servidor CPU/(19941:19941): Tlb creada 

[INFO] 19:29:46:175 Servidor CPU/(19941:19941): CPU listo para recibir al modulo cliente 

[INFO] 19:29:46:178 Servidor CPU/(19941:19949): CPU listo para recibir interrupciones 

[INFO] 19:29:46:178 Servidor CPU/(19941:19948): Pedido de handshake enviado 

[INFO] 19:29:46:180 Servidor CPU/(19941:19948): Recibi configuracion por handshake 

[INFO] 19:29:50:575 Servidor CPU/(19941:19949): Se conecto Kernel al puerto interrupt 

[INFO] 19:29:54:304 Servidor CPU/(19941:19941): Recibi PCB de Id: 0 

[INFO] 19:29:54:304 Servidor CPU/(19941:19941): Se creo hilo para recibir interrupciones 

[INFO] 19:29:54:306 Servidor CPU/(19941:19941): Se ejecuto instruccion NO-OP 

[INFO] 19:29:54:307 Servidor CPU/(19941:19941): Se ejecuto instruccion NO-OP 

[INFO] 19:29:54:309 Servidor CPU/(19941:19941): Se ejecuto instruccion NO-OP 

[INFO] 19:29:54:313 Servidor CPU/(19941:19941): Se ejecuto instruccion NO-OP 

[INFO] 19:29:54:315 Servidor CPU/(19941:19941): Se ejecuto instruccion NO-OP 

[INFO] 19:29:54:315 Servidor CPU/(19941:19941): Se ejecuto instruccion I/O 

[INFO] 19:29:54:420 Servidor CPU/(19941:19941): Recibi PCB de Id: 0 

[INFO] 19:29:54:421 Servidor CPU/(19941:19941): Se creo hilo para recibir interrupciones 

[INFO] 19:29:54:421 Servidor CPU/(19941:19941): Se ejecuto instruccion EXIT 

[INFO] 19:31:44:373 Servidor CPU/(20097:20097): Hilo de interrupciones creado 

[INFO] 19:31:44:374 Servidor CPU/(20097:20097): Tlb creada 

[INFO] 19:31:44:375 Servidor CPU/(20097:20097): CPU listo para recibir al modulo cliente 

[INFO] 19:31:44:378 Servidor CPU/(20097:20105): CPU listo para recibir interrupciones 

[INFO] 19:31:44:379 Servidor CPU/(20097:20104): Pedido de handshake enviado 

[INFO] 19:31:44:381 Servidor CPU/(20097:20104): Recibi configuracion por handshake 

[INFO] 19:31:54:043 Servidor CPU/(20097:20105): Se conecto Kernel al puerto interrupt 

[INFO] 19:31:57:591 Servidor CPU/(20097:20097): Recibi PCB de Id: 0 

[INFO] 19:31:57:591 Servidor CPU/(20097:20097): Se creo hilo para recibir interrupciones 

[INFO] 19:31:57:592 Servidor CPU/(20097:20097): Se ejecuto instruccion NO-OP 

[INFO] 19:31:57:594 Servidor CPU/(20097:20097): Se ejecuto instruccion NO-OP 

[INFO] 19:31:57:597 Servidor CPU/(20097:20097): Se ejecuto instruccion NO-OP 

[INFO] 19:31:57:598 Servidor CPU/(20097:20097): Se ejecuto instruccion NO-OP 

[INFO] 19:31:57:600 Servidor CPU/(20097:20097): Se ejecuto instruccion NO-OP 

[INFO] 19:31:57:600 Servidor CPU/(20097:20097): Se ejecuto instruccion I/O 

[INFO] 19:31:57:706 Servidor CPU/(20097:20097): Recibi PCB de Id: 0 

[INFO] 19:31:57:706 Servidor CPU/(20097:20097): Se creo hilo para recibir interrupciones 

[INFO] 19:31:57:706 Servidor CPU/(20097:20097): Se ejecuto instruccion EXIT 

[ERROR] 19:32:45:411 Servidor CPU/(20097:20105): Fallo la comunicacion. Abortando 

[ERROR] 19:32:45:411 Servidor CPU/(20097:20097): Fallo la comunicacion. Abortando 

[INFO] 19:36:04:346 Servidor CPU/(20311:20311): Hilo de interrupciones creado 

[INFO] 19:36:04:348 Servidor CPU/(20311:20311): Tlb creada 

[INFO] 19:36:04:348 Servidor CPU/(20311:20311): CPU listo para recibir al modulo cliente 

[INFO] 19:36:04:351 Servidor CPU/(20311:20318): CPU listo para recibir interrupciones 

[INFO] 19:36:04:352 Servidor CPU/(20311:20317): Pedido de handshake enviado 

[INFO] 19:36:04:353 Servidor CPU/(20311:20317): Recibi configuracion por handshake 

[INFO] 19:36:09:725 Servidor CPU/(20311:20318): Se conecto Kernel al puerto interrupt 

[INFO] 19:36:12:217 Servidor CPU/(20311:20311): Recibi PCB de Id: 0 

[INFO] 19:36:12:217 Servidor CPU/(20311:20311): Se creo hilo para recibir interrupciones 

[INFO] 19:36:12:219 Servidor CPU/(20311:20311): Se ejecuto instruccion NO-OP 

[INFO] 19:36:12:221 Servidor CPU/(20311:20311): Se ejecuto instruccion NO-OP 

[INFO] 19:36:12:223 Servidor CPU/(20311:20311): Se ejecuto instruccion NO-OP 

[INFO] 19:36:12:224 Servidor CPU/(20311:20311): Se ejecuto instruccion NO-OP 

[INFO] 19:36:12:226 Servidor CPU/(20311:20311): Se ejecuto instruccion NO-OP 

[INFO] 19:36:12:226 Servidor CPU/(20311:20311): Se ejecuto instruccion I/O 

[INFO] 19:36:12:334 Servidor CPU/(20311:20311): Recibi PCB de Id: 0 

[INFO] 19:36:12:335 Servidor CPU/(20311:20311): Se creo hilo para recibir interrupciones 

[INFO] 19:36:12:335 Servidor CPU/(20311:20311): Se ejecuto instruccion EXIT 

[INFO] 22:36:25:525 Servidor CPU/(22660:22660): Hilo de interrupciones creado 

[INFO] 22:36:25:525 Servidor CPU/(22660:22660): Tlb creada 

[INFO] 22:36:25:526 Servidor CPU/(22660:22660): CPU listo para recibir al modulo cliente 

[INFO] 22:36:25:526 Servidor CPU/(22660:22668): CPU listo para recibir interrupciones 

[INFO] 22:36:25:526 Servidor CPU/(22660:22667): Pedido de handshake enviado 

[INFO] 22:36:29:882 Servidor CPU/(22660:22668): Se conecto Kernel al puerto interrupt 

[INFO] 22:36:59:381 Servidor CPU/(22660:22667): Recibi configuracion por handshake 

[ERROR] 22:36:59:393 Servidor CPU/(22660:22668): Fallo la comunicacion. Abortando 

[ERROR] 22:36:59:393 Servidor CPU/(22660:22660): Fallo la comunicacion. Abortando 

[INFO] 22:38:17:196 Servidor CPU/(23090:23090): Hilo de interrupciones creado 

[INFO] 22:38:17:197 Servidor CPU/(23090:23090): Tlb creada 

[INFO] 22:38:17:199 Servidor CPU/(23090:23090): CPU listo para recibir al modulo cliente 

[INFO] 22:38:17:202 Servidor CPU/(23090:23097): CPU listo para recibir interrupciones 

[INFO] 22:38:17:203 Servidor CPU/(23090:23096): Pedido de handshake enviado 

[INFO] 22:38:17:205 Servidor CPU/(23090:23096): Recibi configuracion por handshake 

[INFO] 22:38:25:116 Servidor CPU/(23090:23097): Se conecto Kernel al puerto interrupt 

[INFO] 22:38:28:760 Servidor CPU/(23090:23090): Recibi PCB de Id: 0 

[INFO] 22:38:28:760 Servidor CPU/(23090:23090): Se creo hilo para recibir interrupciones 

[INFO] 22:38:28:763 Servidor CPU/(23090:23090): Se ejecuto instruccion NO-OP 

[INFO] 22:38:28:765 Servidor CPU/(23090:23090): Se ejecuto instruccion NO-OP 

[INFO] 22:38:28:767 Servidor CPU/(23090:23090): Se ejecuto instruccion NO-OP 

[INFO] 22:38:28:769 Servidor CPU/(23090:23090): Se ejecuto instruccion NO-OP 

[INFO] 22:38:28:772 Servidor CPU/(23090:23090): Se ejecuto instruccion NO-OP 

[INFO] 22:38:28:773 Servidor CPU/(23090:23090): Se ejecuto instruccion I/O 

[ERROR] 22:41:07:100 Servidor CPU/(23090:23097): Fallo la comunicacion. Abortando 

[ERROR] 22:41:07:100 Servidor CPU/(23090:23090): Fallo la comunicacion. Abortando 

[INFO] 22:48:15:505 Servidor CPU/(23371:23371): Hilo de interrupciones creado 

[INFO] 22:48:15:507 Servidor CPU/(23371:23371): Tlb creada 

[INFO] 22:48:15:508 Servidor CPU/(23371:23371): CPU listo para recibir al modulo cliente 

[INFO] 22:48:15:510 Servidor CPU/(23371:23379): CPU listo para recibir interrupciones 

[INFO] 22:48:15:512 Servidor CPU/(23371:23378): Pedido de handshake enviado 

[INFO] 22:48:15:515 Servidor CPU/(23371:23378): Recibi configuracion por handshake 

[INFO] 22:48:21:659 Servidor CPU/(23371:23379): Se conecto Kernel al puerto interrupt 

[INFO] 22:48:25:161 Servidor CPU/(23371:23371): Recibi PCB de Id: 0 

[INFO] 22:48:25:161 Servidor CPU/(23371:23371): Se creo hilo para recibir interrupciones 

[INFO] 22:48:25:163 Servidor CPU/(23371:23371): Se ejecuto instruccion NO-OP 

[INFO] 22:48:25:164 Servidor CPU/(23371:23371): Se ejecuto instruccion NO-OP 

[INFO] 22:48:25:166 Servidor CPU/(23371:23371): Se ejecuto instruccion NO-OP 

[INFO] 22:48:25:167 Servidor CPU/(23371:23371): Se ejecuto instruccion NO-OP 

[INFO] 22:48:25:168 Servidor CPU/(23371:23371): Se ejecuto instruccion NO-OP 

[INFO] 22:48:25:168 Servidor CPU/(23371:23371): Se ejecuto instruccion I/O 

[ERROR] 22:49:28:217 Servidor CPU/(23371:23379): Fallo la comunicacion. Abortando 

[ERROR] 22:49:28:217 Servidor CPU/(23371:23371): Fallo la comunicacion. Abortando 

[INFO] 22:51:29:551 Servidor CPU/(23542:23542): Hilo de interrupciones creado 

[INFO] 22:51:29:552 Servidor CPU/(23542:23542): Tlb creada 

[INFO] 22:51:29:553 Servidor CPU/(23542:23542): CPU listo para recibir al modulo cliente 

[INFO] 22:51:29:556 Servidor CPU/(23542:23550): CPU listo para recibir interrupciones 

[INFO] 22:51:29:563 Servidor CPU/(23542:23549): Pedido de handshake enviado 

[INFO] 22:51:29:565 Servidor CPU/(23542:23549): Recibi configuracion por handshake 

[INFO] 22:51:33:466 Servidor CPU/(23542:23550): Se conecto Kernel al puerto interrupt 

[ERROR] 22:51:36:908 Servidor CPU/(23542:23550): Fallo la comunicacion. Abortando 

[ERROR] 22:51:36:908 Servidor CPU/(23542:23542): Fallo la comunicacion. Abortando 

[INFO] 22:53:00:352 Servidor CPU/(23683:23683): Hilo de interrupciones creado 

[INFO] 22:53:00:353 Servidor CPU/(23683:23683): Tlb creada 

[INFO] 22:53:00:354 Servidor CPU/(23683:23683): CPU listo para recibir al modulo cliente 

[INFO] 22:53:00:360 Servidor CPU/(23683:23690): CPU listo para recibir interrupciones 

[INFO] 22:53:00:360 Servidor CPU/(23683:23689): Pedido de handshake enviado 

[INFO] 22:53:00:363 Servidor CPU/(23683:23689): Recibi configuracion por handshake 

[INFO] 22:53:06:100 Servidor CPU/(23683:23690): Se conecto Kernel al puerto interrupt 

[INFO] 22:53:09:826 Servidor CPU/(23683:23683): Recibi PCB de Id: 0 

[INFO] 22:53:09:826 Servidor CPU/(23683:23683): Se creo hilo para recibir interrupciones 

[INFO] 22:53:09:828 Servidor CPU/(23683:23683): Se ejecuto instruccion NO-OP 

[INFO] 22:53:09:830 Servidor CPU/(23683:23683): Se ejecuto instruccion NO-OP 

[INFO] 22:53:09:832 Servidor CPU/(23683:23683): Se ejecuto instruccion NO-OP 

[INFO] 22:53:09:833 Servidor CPU/(23683:23683): Se ejecuto instruccion NO-OP 

[INFO] 22:53:09:835 Servidor CPU/(23683:23683): Se ejecuto instruccion NO-OP 

[INFO] 22:53:09:836 Servidor CPU/(23683:23683): Se ejecuto instruccion I/O 

[ERROR] 23:04:30:726 Servidor CPU/(23683:23690): Fallo la comunicacion. Abortando 

[ERROR] 23:04:30:726 Servidor CPU/(23683:23683): Fallo la comunicacion. Abortando 

[INFO] 23:16:46:369 Servidor CPU/(24193:24193): Hilo de interrupciones creado 

[INFO] 23:16:46:370 Servidor CPU/(24193:24193): Tlb creada 

[INFO] 23:16:46:371 Servidor CPU/(24193:24193): CPU listo para recibir al modulo cliente 

[INFO] 23:16:46:374 Servidor CPU/(24193:24200): CPU listo para recibir interrupciones 

[INFO] 23:16:46:374 Servidor CPU/(24193:24199): Pedido de handshake enviado 

[INFO] 23:16:46:376 Servidor CPU/(24193:24199): Recibi configuracion por handshake 

[INFO] 23:16:49:521 Servidor CPU/(24193:24200): Se conecto Kernel al puerto interrupt 

[ERROR] 23:16:52:737 Servidor CPU/(24193:24200): Fallo la comunicacion. Abortando 

[ERROR] 23:16:52:737 Servidor CPU/(24193:24193): Fallo la comunicacion. Abortando 

[INFO] 23:18:01:856 Servidor CPU/(24451:24451): Hilo de interrupciones creado 

[INFO] 23:18:01:858 Servidor CPU/(24451:24451): Tlb creada 

[INFO] 23:18:01:858 Servidor CPU/(24451:24451): CPU listo para recibir al modulo cliente 

[INFO] 23:18:01:862 Servidor CPU/(24451:24458): CPU listo para recibir interrupciones 

[INFO] 23:18:01:862 Servidor CPU/(24451:24457): Pedido de handshake enviado 

[INFO] 23:18:01:863 Servidor CPU/(24451:24457): Recibi configuracion por handshake 

[INFO] 23:18:05:231 Servidor CPU/(24451:24458): Se conecto Kernel al puerto interrupt 

[INFO] 23:18:09:334 Servidor CPU/(24451:24451): Recibi PCB de Id: 0 

[INFO] 23:18:09:334 Servidor CPU/(24451:24451): Se creo hilo para recibir interrupciones 

[INFO] 23:18:09:337 Servidor CPU/(24451:24451): Se ejecuto instruccion NO-OP 

[INFO] 23:18:09:338 Servidor CPU/(24451:24451): Se ejecuto instruccion NO-OP 

[INFO] 23:18:09:339 Servidor CPU/(24451:24451): Se ejecuto instruccion NO-OP 

[INFO] 23:18:09:341 Servidor CPU/(24451:24451): Se ejecuto instruccion NO-OP 

[INFO] 23:18:09:343 Servidor CPU/(24451:24451): Se ejecuto instruccion NO-OP 

[INFO] 23:18:09:343 Servidor CPU/(24451:24451): Se ejecuto instruccion I/O 

[ERROR] 23:22:13:016 Servidor CPU/(24451:24458): Fallo la comunicacion. Abortando 

[ERROR] 23:22:13:016 Servidor CPU/(24451:24451): Fallo la comunicacion. Abortando 

[INFO] 23:27:25:946 Servidor CPU/(24697:24697): Hilo de interrupciones creado 

[INFO] 23:27:25:947 Servidor CPU/(24697:24697): Tlb creada 

[INFO] 23:27:25:949 Servidor CPU/(24697:24697): CPU listo para recibir al modulo cliente 

[INFO] 23:27:25:951 Servidor CPU/(24697:24703): CPU listo para recibir interrupciones 

[INFO] 23:27:25:955 Servidor CPU/(24697:24702): Pedido de handshake enviado 

[INFO] 23:27:25:956 Servidor CPU/(24697:24702): Recibi configuracion por handshake 

[INFO] 23:27:28:940 Servidor CPU/(24697:24703): Se conecto Kernel al puerto interrupt 

[INFO] 23:27:32:130 Servidor CPU/(24697:24697): Recibi PCB de Id: 0 

[INFO] 23:27:32:130 Servidor CPU/(24697:24697): Se creo hilo para recibir interrupciones 

[INFO] 23:27:32:134 Servidor CPU/(24697:24697): Se ejecuto instruccion NO-OP 

[INFO] 23:27:32:136 Servidor CPU/(24697:24697): Se ejecuto instruccion NO-OP 

[INFO] 23:27:32:138 Servidor CPU/(24697:24697): Se ejecuto instruccion NO-OP 

[INFO] 23:27:32:139 Servidor CPU/(24697:24697): Se ejecuto instruccion NO-OP 

[INFO] 23:27:32:141 Servidor CPU/(24697:24697): Se ejecuto instruccion NO-OP 

[INFO] 23:27:32:141 Servidor CPU/(24697:24697): Se ejecuto instruccion I/O 

[ERROR] 23:27:56:224 Servidor CPU/(24697:24703): Fallo la comunicacion. Abortando 

[ERROR] 23:27:56:224 Servidor CPU/(24697:24697): Fallo la comunicacion. Abortando 

[INFO] 23:31:32:749 Servidor CPU/(24946:24946): Hilo de interrupciones creado 

[INFO] 23:31:32:750 Servidor CPU/(24946:24946): Tlb creada 

[INFO] 23:31:32:751 Servidor CPU/(24946:24946): CPU listo para recibir al modulo cliente 

[INFO] 23:31:32:754 Servidor CPU/(24946:24955): CPU listo para recibir interrupciones 

[INFO] 23:31:32:759 Servidor CPU/(24946:24954): Pedido de handshake enviado 

[INFO] 23:31:32:761 Servidor CPU/(24946:24954): Recibi configuracion por handshake 

[INFO] 23:31:38:766 Servidor CPU/(24946:24955): Se conecto Kernel al puerto interrupt 

[ERROR] 23:31:46:101 Servidor CPU/(24946:24955): Fallo la comunicacion. Abortando 

[ERROR] 23:31:46:101 Servidor CPU/(24946:24946): Fallo la comunicacion. Abortando 

[INFO] 23:33:04:687 Servidor CPU/(25165:25165): Hilo de interrupciones creado 

[INFO] 23:33:04:688 Servidor CPU/(25165:25165): Tlb creada 

[INFO] 23:33:04:689 Servidor CPU/(25165:25165): CPU listo para recibir al modulo cliente 

[INFO] 23:33:04:696 Servidor CPU/(25165:25173): CPU listo para recibir interrupciones 

[INFO] 23:33:04:696 Servidor CPU/(25165:25172): Pedido de handshake enviado 

[INFO] 23:33:04:698 Servidor CPU/(25165:25172): Recibi configuracion por handshake 

[INFO] 23:33:07:868 Servidor CPU/(25165:25173): Se conecto Kernel al puerto interrupt 

[INFO] 23:33:16:827 Servidor CPU/(25165:25165): Recibi PCB de Id: 0 

[INFO] 23:33:16:827 Servidor CPU/(25165:25165): Se creo hilo para recibir interrupciones 

[INFO] 23:33:16:829 Servidor CPU/(25165:25165): Se ejecuto instruccion NO-OP 

[INFO] 23:33:16:831 Servidor CPU/(25165:25165): Se ejecuto instruccion NO-OP 

[INFO] 23:33:16:833 Servidor CPU/(25165:25165): Se ejecuto instruccion NO-OP 

[INFO] 23:33:16:836 Servidor CPU/(25165:25165): Se ejecuto instruccion NO-OP 

[INFO] 23:33:16:839 Servidor CPU/(25165:25165): Se ejecuto instruccion NO-OP 

[INFO] 23:33:16:840 Servidor CPU/(25165:25165): Se ejecuto instruccion I/O 

[ERROR] 23:36:27:186 Servidor CPU/(25165:25173): Fallo la comunicacion. Abortando 

[ERROR] 23:36:27:186 Servidor CPU/(25165:25165): Fallo la comunicacion. Abortando 

[INFO] 23:41:34:186 Servidor CPU/(25474:25474): Hilo de interrupciones creado 

[INFO] 23:41:34:187 Servidor CPU/(25474:25474): Tlb creada 

[INFO] 23:41:34:189 Servidor CPU/(25474:25474): CPU listo para recibir al modulo cliente 

[INFO] 23:41:34:194 Servidor CPU/(25474:25482): CPU listo para recibir interrupciones 

[INFO] 23:41:34:194 Servidor CPU/(25474:25481): Pedido de handshake enviado 

[INFO] 23:41:34:197 Servidor CPU/(25474:25481): Recibi configuracion por handshake 

[INFO] 23:41:37:915 Servidor CPU/(25474:25482): Se conecto Kernel al puerto interrupt 

[INFO] 23:41:51:166 Servidor CPU/(25474:25474): Recibi PCB de Id: 0 

[INFO] 23:41:51:166 Servidor CPU/(25474:25474): Se creo hilo para recibir interrupciones 

[INFO] 23:41:51:168 Servidor CPU/(25474:25474): Se ejecuto instruccion NO-OP 

[INFO] 23:41:51:169 Servidor CPU/(25474:25474): Se ejecuto instruccion NO-OP 

[INFO] 23:41:51:173 Servidor CPU/(25474:25474): Se ejecuto instruccion NO-OP 

[INFO] 23:41:51:174 Servidor CPU/(25474:25474): Se ejecuto instruccion NO-OP 

[INFO] 23:41:51:176 Servidor CPU/(25474:25474): Se ejecuto instruccion NO-OP 

[INFO] 23:41:51:176 Servidor CPU/(25474:25474): Se ejecuto instruccion I/O 

[ERROR] 23:43:48:073 Servidor CPU/(25474:25482): Fallo la comunicacion. Abortando 

[ERROR] 23:43:48:073 Servidor CPU/(25474:25474): Fallo la comunicacion. Abortando 

[INFO] 13:19:28:962 Servidor CPU/(27872:27872): Hilo de interrupciones creado 

[INFO] 13:19:28:963 Servidor CPU/(27872:27872): Tlb creada 

[INFO] 13:19:28:963 Servidor CPU/(27872:27872): CPU listo para recibir al modulo cliente 

[INFO] 13:19:28:967 Servidor CPU/(27872:27878): CPU listo para recibir interrupciones 

[INFO] 13:31:25:764 Servidor CPU/(28901:28901): Hilo de interrupciones creado 

[INFO] 13:31:25:765 Servidor CPU/(28901:28901): Tlb creada 

[INFO] 13:31:25:765 Servidor CPU/(28901:28901): CPU listo para recibir al modulo cliente 

[INFO] 13:31:25:766 Servidor CPU/(28901:28909): CPU listo para recibir interrupciones 

[INFO] 13:31:25:778 Servidor CPU/(28901:28908): Pedido de handshake enviado 

[INFO] 13:31:25:780 Servidor CPU/(28901:28908): Recibi configuracion por handshake 

[INFO] 13:31:28:675 Servidor CPU/(28901:28909): Se conecto Kernel al puerto interrupt 

[INFO] 13:31:33:106 Servidor CPU/(28901:28901): Recibi PCB de Id: 0 

[INFO] 13:31:33:106 Servidor CPU/(28901:28901): Se creo hilo para recibir interrupciones 

[INFO] 13:31:33:108 Servidor CPU/(28901:28901): Se ejecuto instruccion NO-OP 

[INFO] 13:31:33:110 Servidor CPU/(28901:28901): Se ejecuto instruccion NO-OP 

[INFO] 13:31:33:113 Servidor CPU/(28901:28901): Se ejecuto instruccion NO-OP 

[INFO] 13:31:33:115 Servidor CPU/(28901:28901): Se ejecuto instruccion NO-OP 

[INFO] 13:31:33:117 Servidor CPU/(28901:28901): Se ejecuto instruccion NO-OP 

[INFO] 13:31:33:117 Servidor CPU/(28901:28901): Se ejecuto instruccion I/O 

[ERROR] 13:31:49:206 Servidor CPU/(28901:28909): Fallo la comunicacion. Abortando 

[ERROR] 13:31:49:206 Servidor CPU/(28901:28901): Fallo la comunicacion. Abortando 

[INFO] 14:42:51:315 Servidor CPU/(29893:29893): Hilo de interrupciones creado 

[INFO] 14:42:51:315 Servidor CPU/(29893:29893): Tlb creada 

[INFO] 14:42:51:318 Servidor CPU/(29893:29893): CPU listo para recibir al modulo cliente 

[INFO] 14:42:51:318 Servidor CPU/(29893:29906): CPU listo para recibir interrupciones 

[INFO] 14:42:51:325 Servidor CPU/(29893:29905): Pedido de handshake enviado 

[INFO] 14:42:51:330 Servidor CPU/(29893:29905): Recibi configuracion por handshake 

[INFO] 14:42:54:626 Servidor CPU/(29893:29906): Se conecto Kernel al puerto interrupt 

[INFO] 14:42:57:515 Servidor CPU/(29893:29893): Recibi PCB de Id: 0 

[INFO] 14:42:57:515 Servidor CPU/(29893:29893): Se creo hilo para recibir interrupciones 

[INFO] 14:42:57:517 Servidor CPU/(29893:29893): Se ejecuto instruccion NO-OP 

[INFO] 14:42:57:518 Servidor CPU/(29893:29893): Se ejecuto instruccion NO-OP 

[INFO] 14:42:57:520 Servidor CPU/(29893:29893): Se ejecuto instruccion NO-OP 

[INFO] 14:42:57:521 Servidor CPU/(29893:29893): Se ejecuto instruccion NO-OP 

[INFO] 14:42:57:523 Servidor CPU/(29893:29893): Se ejecuto instruccion NO-OP 

[INFO] 14:42:57:523 Servidor CPU/(29893:29893): Se ejecuto instruccion I/O 

[ERROR] 14:43:38:220 Servidor CPU/(29893:29906): Fallo la comunicacion. Abortando 

[ERROR] 14:43:38:220 Servidor CPU/(29893:29893): Fallo la comunicacion. Abortando 

[INFO] 14:46:23:738 Servidor CPU/(30394:30394): Hilo de interrupciones creado 

[INFO] 14:46:23:738 Servidor CPU/(30394:30394): Tlb creada 

[INFO] 14:46:23:738 Servidor CPU/(30394:30394): CPU listo para recibir al modulo cliente 

[INFO] 14:46:23:739 Servidor CPU/(30394:30403): CPU listo para recibir interrupciones 

[INFO] 14:46:23:745 Servidor CPU/(30394:30402): Pedido de handshake enviado 

[INFO] 14:46:23:750 Servidor CPU/(30394:30402): Recibi configuracion por handshake 

[INFO] 14:46:26:165 Servidor CPU/(30394:30403): Se conecto Kernel al puerto interrupt 

[INFO] 14:46:28:720 Servidor CPU/(30394:30394): Recibi PCB de Id: 0 

[INFO] 14:46:28:720 Servidor CPU/(30394:30394): Se creo hilo para recibir interrupciones 

[INFO] 14:46:28:722 Servidor CPU/(30394:30394): Se ejecuto instruccion NO-OP 

[INFO] 14:46:28:723 Servidor CPU/(30394:30394): Se ejecuto instruccion NO-OP 

[INFO] 14:46:28:724 Servidor CPU/(30394:30394): Se ejecuto instruccion NO-OP 

[INFO] 14:46:28:726 Servidor CPU/(30394:30394): Se ejecuto instruccion NO-OP 

[INFO] 14:46:28:727 Servidor CPU/(30394:30394): Se ejecuto instruccion NO-OP 

[INFO] 14:46:28:727 Servidor CPU/(30394:30394): Se ejecuto instruccion I/O 

[ERROR] 14:49:03:322 Servidor CPU/(30394:30403): Fallo la comunicacion. Abortando 

[ERROR] 14:49:03:322 Servidor CPU/(30394:30394): Fallo la comunicacion. Abortando 

[INFO] 14:50:41:445 Servidor CPU/(30738:30738): Hilo de interrupciones creado 

[INFO] 14:50:41:445 Servidor CPU/(30738:30738): Tlb creada 

[INFO] 14:50:41:446 Servidor CPU/(30738:30738): CPU listo para recibir al modulo cliente 

[INFO] 14:50:41:446 Servidor CPU/(30738:30746): CPU listo para recibir interrupciones 

[INFO] 14:50:41:451 Servidor CPU/(30738:30745): Pedido de handshake enviado 

[INFO] 14:50:41:456 Servidor CPU/(30738:30745): Recibi configuracion por handshake 

[INFO] 14:50:47:032 Servidor CPU/(30738:30746): Se conecto Kernel al puerto interrupt 

[INFO] 14:50:49:057 Servidor CPU/(30738:30738): Recibi PCB de Id: 0 

[INFO] 14:50:49:058 Servidor CPU/(30738:30738): Se creo hilo para recibir interrupciones 

[INFO] 14:50:49:059 Servidor CPU/(30738:30738): Se ejecuto instruccion NO-OP 

[INFO] 14:50:49:061 Servidor CPU/(30738:30738): Se ejecuto instruccion NO-OP 

[INFO] 14:50:49:062 Servidor CPU/(30738:30738): Se ejecuto instruccion NO-OP 

[INFO] 14:50:49:063 Servidor CPU/(30738:30738): Se ejecuto instruccion NO-OP 

[INFO] 14:50:49:065 Servidor CPU/(30738:30738): Se ejecuto instruccion NO-OP 

[INFO] 14:50:49:065 Servidor CPU/(30738:30738): Se ejecuto instruccion I/O 

[INFO] 14:56:31:984 Servidor CPU/(30962:30962): Hilo de interrupciones creado 

[INFO] 14:56:31:984 Servidor CPU/(30962:30962): Tlb creada 

[INFO] 14:56:31:985 Servidor CPU/(30962:30962): CPU listo para recibir al modulo cliente 

[INFO] 14:56:31:985 Servidor CPU/(30962:30970): CPU listo para recibir interrupciones 

[INFO] 14:56:32:001 Servidor CPU/(30962:30969): Pedido de handshake enviado 

[INFO] 14:56:32:002 Servidor CPU/(30962:30969): Recibi configuracion por handshake 

[INFO] 14:56:34:679 Servidor CPU/(30962:30970): Se conecto Kernel al puerto interrupt 

[INFO] 14:56:37:685 Servidor CPU/(30962:30962): Recibi PCB de Id: 0 

[INFO] 14:56:37:685 Servidor CPU/(30962:30962): Se creo hilo para recibir interrupciones 

[INFO] 14:56:37:687 Servidor CPU/(30962:30962): Se ejecuto instruccion NO-OP 

[INFO] 14:56:37:688 Servidor CPU/(30962:30962): Se ejecuto instruccion NO-OP 

[INFO] 14:56:37:689 Servidor CPU/(30962:30962): Se ejecuto instruccion NO-OP 

[INFO] 14:56:37:690 Servidor CPU/(30962:30962): Se ejecuto instruccion NO-OP 

[INFO] 14:56:37:692 Servidor CPU/(30962:30962): Se ejecuto instruccion NO-OP 

[INFO] 14:56:37:692 Servidor CPU/(30962:30962): Se ejecuto instruccion I/O 

[ERROR] 14:57:11:888 Servidor CPU/(30962:30970): Fallo la comunicacion. Abortando 

[ERROR] 14:57:11:888 Servidor CPU/(30962:30962): Fallo la comunicacion. Abortando 

[INFO] 15:05:56:224 Servidor CPU/(31218:31218): Hilo de interrupciones creado 

[INFO] 15:05:56:224 Servidor CPU/(31218:31218): Tlb creada 

[INFO] 15:05:56:224 Servidor CPU/(31218:31218): CPU listo para recibir al modulo cliente 

[INFO] 15:05:56:224 Servidor CPU/(31218:31227): CPU listo para recibir interrupciones 

[INFO] 15:05:56:234 Servidor CPU/(31218:31226): Pedido de handshake enviado 

[INFO] 15:05:56:236 Servidor CPU/(31218:31226): Recibi configuracion por handshake 

[INFO] 15:05:58:998 Servidor CPU/(31218:31227): Se conecto Kernel al puerto interrupt 

[INFO] 15:06:01:840 Servidor CPU/(31218:31218): Recibi PCB de Id: 0 

[INFO] 15:06:01:840 Servidor CPU/(31218:31218): Se creo hilo para recibir interrupciones 

[INFO] 15:06:01:842 Servidor CPU/(31218:31218): Se ejecuto instruccion NO-OP 

[INFO] 15:06:01:843 Servidor CPU/(31218:31218): Se ejecuto instruccion NO-OP 

[INFO] 15:06:01:844 Servidor CPU/(31218:31218): Se ejecuto instruccion NO-OP 

[INFO] 15:06:01:846 Servidor CPU/(31218:31218): Se ejecuto instruccion NO-OP 

[INFO] 15:06:01:848 Servidor CPU/(31218:31218): Se ejecuto instruccion NO-OP 

[INFO] 15:06:01:848 Servidor CPU/(31218:31218): Se ejecuto instruccion I/O 

[ERROR] 15:06:04:972 Servidor CPU/(31218:31227): Fallo la comunicacion. Abortando 

[ERROR] 15:06:04:972 Servidor CPU/(31218:31218): Fallo la comunicacion. Abortando 

[INFO] 15:06:41:716 Servidor CPU/(31329:31329): Hilo de interrupciones creado 

[INFO] 15:06:41:717 Servidor CPU/(31329:31329): Tlb creada 

[INFO] 15:06:41:719 Servidor CPU/(31329:31329): CPU listo para recibir al modulo cliente 

[INFO] 15:06:41:719 Servidor CPU/(31329:31337): CPU listo para recibir interrupciones 

[INFO] 15:06:41:724 Servidor CPU/(31329:31336): Pedido de handshake enviado 

[INFO] 15:06:41:726 Servidor CPU/(31329:31336): Recibi configuracion por handshake 

[INFO] 15:06:44:296 Servidor CPU/(31329:31337): Se conecto Kernel al puerto interrupt 

[ERROR] 15:06:44:302 Servidor CPU/(31329:31337): Fallo la comunicacion. Abortando 

[ERROR] 15:06:44:302 Servidor CPU/(31329:31329): Fallo la comunicacion. Abortando 

[INFO] 15:10:09:409 Servidor CPU/(31464:31464): Hilo de interrupciones creado 

[INFO] 15:10:09:409 Servidor CPU/(31464:31464): Tlb creada 

[INFO] 15:10:09:409 Servidor CPU/(31464:31464): CPU listo para recibir al modulo cliente 

[INFO] 15:10:09:409 Servidor CPU/(31464:31473): CPU listo para recibir interrupciones 

[INFO] 15:10:09:415 Servidor CPU/(31464:31472): Pedido de handshake enviado 

[INFO] 15:10:09:420 Servidor CPU/(31464:31472): Recibi configuracion por handshake 

[INFO] 15:10:12:120 Servidor CPU/(31464:31473): Se conecto Kernel al puerto interrupt 

[INFO] 15:10:14:463 Servidor CPU/(31464:31464): Recibi PCB de Id: 0 

[INFO] 15:10:14:464 Servidor CPU/(31464:31464): Se creo hilo para recibir interrupciones 

[INFO] 15:10:14:466 Servidor CPU/(31464:31464): Se ejecuto instruccion NO-OP 

[INFO] 15:10:14:467 Servidor CPU/(31464:31464): Se ejecuto instruccion NO-OP 

[INFO] 15:10:14:468 Servidor CPU/(31464:31464): Se ejecuto instruccion NO-OP 

[INFO] 15:10:14:470 Servidor CPU/(31464:31464): Se ejecuto instruccion NO-OP 

[INFO] 15:10:14:471 Servidor CPU/(31464:31464): Se ejecuto instruccion NO-OP 

[INFO] 15:10:14:471 Servidor CPU/(31464:31464): Se ejecuto instruccion I/O 

[ERROR] 15:10:17:612 Servidor CPU/(31464:31473): Fallo la comunicacion. Abortando 

[ERROR] 15:10:17:612 Servidor CPU/(31464:31464): Fallo la comunicacion. Abortando 

[INFO] 15:10:51:238 Servidor CPU/(31551:31551): Hilo de interrupciones creado 

[INFO] 15:10:51:238 Servidor CPU/(31551:31551): Tlb creada 

[INFO] 15:10:51:238 Servidor CPU/(31551:31551): CPU listo para recibir al modulo cliente 

[INFO] 15:10:51:239 Servidor CPU/(31551:31559): CPU listo para recibir interrupciones 

[INFO] 15:10:51:244 Servidor CPU/(31551:31558): Pedido de handshake enviado 

[INFO] 15:10:51:245 Servidor CPU/(31551:31558): Recibi configuracion por handshake 

[INFO] 15:10:56:564 Servidor CPU/(31551:31559): Se conecto Kernel al puerto interrupt 

[ERROR] 15:10:56:569 Servidor CPU/(31551:31559): Fallo la comunicacion. Abortando 

[ERROR] 15:10:56:569 Servidor CPU/(31551:31551): Fallo la comunicacion. Abortando 

[INFO] 15:15:12:184 Servidor CPU/(31777:31777): Hilo de interrupciones creado 

[INFO] 15:15:12:184 Servidor CPU/(31777:31777): Tlb creada 

[INFO] 15:15:12:189 Servidor CPU/(31777:31777): CPU listo para recibir al modulo cliente 

[INFO] 15:15:12:192 Servidor CPU/(31777:31785): CPU listo para recibir interrupciones 

[INFO] 15:15:12:192 Servidor CPU/(31777:31784): Pedido de handshake enviado 

[INFO] 15:15:12:194 Servidor CPU/(31777:31784): Recibi configuracion por handshake 

[INFO] 15:15:15:298 Servidor CPU/(31777:31785): Se conecto Kernel al puerto interrupt 

[INFO] 15:15:19:266 Servidor CPU/(31777:31777): Recibi PCB de Id: 0 

[INFO] 15:15:19:266 Servidor CPU/(31777:31777): Se creo hilo para recibir interrupciones 

[INFO] 15:15:19:268 Servidor CPU/(31777:31777): Se ejecuto instruccion NO-OP 

[INFO] 15:15:19:271 Servidor CPU/(31777:31777): Se ejecuto instruccion NO-OP 

[INFO] 15:15:19:272 Servidor CPU/(31777:31777): Se ejecuto instruccion NO-OP 

[INFO] 15:15:19:273 Servidor CPU/(31777:31777): Se ejecuto instruccion NO-OP 

[INFO] 15:15:19:275 Servidor CPU/(31777:31777): Se ejecuto instruccion NO-OP 

[INFO] 15:15:19:275 Servidor CPU/(31777:31777): Se ejecuto instruccion I/O 

[ERROR] 15:15:22:528 Servidor CPU/(31777:31785): Fallo la comunicacion. Abortando 

[ERROR] 15:15:22:528 Servidor CPU/(31777:31777): Fallo la comunicacion. Abortando 

[INFO] 15:16:02:389 Servidor CPU/(31865:31865): Hilo de interrupciones creado 

[INFO] 15:16:02:389 Servidor CPU/(31865:31865): Tlb creada 

[INFO] 15:16:02:389 Servidor CPU/(31865:31865): CPU listo para recibir al modulo cliente 

[INFO] 15:16:02:389 Servidor CPU/(31865:31873): CPU listo para recibir interrupciones 

[INFO] 15:16:02:399 Servidor CPU/(31865:31872): Pedido de handshake enviado 

[INFO] 15:16:02:401 Servidor CPU/(31865:31872): Recibi configuracion por handshake 

[INFO] 15:16:06:333 Servidor CPU/(31865:31873): Se conecto Kernel al puerto interrupt 

[ERROR] 15:16:06:337 Servidor CPU/(31865:31873): Fallo la comunicacion. Abortando 

[ERROR] 15:16:06:337 Servidor CPU/(31865:31865): Fallo la comunicacion. Abortando 

[INFO] 15:19:45:610 Servidor CPU/(32087:32087): Hilo de interrupciones creado 

[INFO] 15:19:45:611 Servidor CPU/(32087:32087): Tlb creada 

[INFO] 15:19:45:611 Servidor CPU/(32087:32087): CPU listo para recibir al modulo cliente 

[INFO] 15:19:45:611 Servidor CPU/(32087:32095): CPU listo para recibir interrupciones 

[INFO] 15:19:45:617 Servidor CPU/(32087:32094): Pedido de handshake enviado 

[INFO] 15:19:45:618 Servidor CPU/(32087:32094): Recibi configuracion por handshake 

[INFO] 15:20:14:882 Servidor CPU/(32087:32095): Se conecto Kernel al puerto interrupt 

[INFO] 15:20:28:136 Servidor CPU/(32087:32087): Recibi PCB de Id: 0 

[INFO] 15:20:28:137 Servidor CPU/(32087:32087): Se creo hilo para recibir interrupciones 

[INFO] 15:20:28:139 Servidor CPU/(32087:32087): Se ejecuto instruccion NO-OP 

[INFO] 15:20:28:140 Servidor CPU/(32087:32087): Se ejecuto instruccion NO-OP 

[INFO] 15:20:28:141 Servidor CPU/(32087:32087): Se ejecuto instruccion NO-OP 

[INFO] 15:20:28:143 Servidor CPU/(32087:32087): Se ejecuto instruccion NO-OP 

[INFO] 15:20:28:144 Servidor CPU/(32087:32087): Se ejecuto instruccion NO-OP 

[INFO] 15:20:28:144 Servidor CPU/(32087:32087): Se ejecuto instruccion I/O 

[ERROR] 15:20:31:308 Servidor CPU/(32087:32095): Fallo la comunicacion. Abortando 

[ERROR] 15:20:31:308 Servidor CPU/(32087:32087): Fallo la comunicacion. Abortando 

[INFO] 15:21:24:871 Servidor CPU/(32233:32233): Hilo de interrupciones creado 

[INFO] 15:21:24:871 Servidor CPU/(32233:32233): Tlb creada 

[INFO] 15:21:24:871 Servidor CPU/(32233:32233): CPU listo para recibir al modulo cliente 

[INFO] 15:21:24:872 Servidor CPU/(32233:32241): CPU listo para recibir interrupciones 

[INFO] 15:21:24:875 Servidor CPU/(32233:32240): Pedido de handshake enviado 

[INFO] 15:21:24:877 Servidor CPU/(32233:32240): Recibi configuracion por handshake 

[INFO] 15:21:27:561 Servidor CPU/(32233:32241): Se conecto Kernel al puerto interrupt 

[ERROR] 15:21:27:565 Servidor CPU/(32233:32241): Fallo la comunicacion. Abortando 

[ERROR] 15:21:27:566 Servidor CPU/(32233:32233): Fallo la comunicacion. Abortando 

[INFO] 15:27:41:072 Servidor CPU/(32541:32541): Hilo de interrupciones creado 

[INFO] 15:27:41:072 Servidor CPU/(32541:32541): Tlb creada 

[INFO] 15:27:41:073 Servidor CPU/(32541:32541): CPU listo para recibir al modulo cliente 

[INFO] 15:27:41:076 Servidor CPU/(32541:32549): CPU listo para recibir interrupciones 

[INFO] 15:27:41:078 Servidor CPU/(32541:32548): Pedido de handshake enviado 

[INFO] 15:27:41:080 Servidor CPU/(32541:32548): Recibi configuracion por handshake 

[INFO] 15:27:43:939 Servidor CPU/(32541:32549): Se conecto Kernel al puerto interrupt 

[INFO] 15:27:46:202 Servidor CPU/(32541:32541): Recibi PCB de Id: 0 

[INFO] 15:27:46:202 Servidor CPU/(32541:32541): Se creo hilo para recibir interrupciones 

[INFO] 15:27:46:204 Servidor CPU/(32541:32541): Se ejecuto instruccion NO-OP 

[INFO] 15:27:46:205 Servidor CPU/(32541:32541): Se ejecuto instruccion NO-OP 

[INFO] 15:27:46:206 Servidor CPU/(32541:32541): Se ejecuto instruccion NO-OP 

[INFO] 15:27:46:208 Servidor CPU/(32541:32541): Se ejecuto instruccion NO-OP 

[INFO] 15:27:46:210 Servidor CPU/(32541:32541): Se ejecuto instruccion NO-OP 

[INFO] 15:27:46:210 Servidor CPU/(32541:32541): Se ejecuto instruccion I/O 

[INFO] 17:31:35:277 Servidor CPU/(5457:5457): Hilo de interrupciones creado 

[INFO] 17:31:35:278 Servidor CPU/(5457:5457): Tlb creada 

[INFO] 17:32:49:959 Servidor CPU/(5674:5674): Hilo de interrupciones creado 

[INFO] 17:32:49:959 Servidor CPU/(5674:5674): Tlb creada 

[INFO] 17:33:39:516 Servidor CPU/(5895:5895): Hilo de interrupciones creado 

[INFO] 17:33:39:516 Servidor CPU/(5895:5895): Tlb creada 

[INFO] 17:33:39:516 Servidor CPU/(5895:5895): CPU listo para recibir al modulo cliente 

[INFO] 17:33:39:516 Servidor CPU/(5895:5903): CPU listo para recibir interrupciones 

[INFO] 17:33:39:524 Servidor CPU/(5895:5902): Pedido de handshake enviado 

[INFO] 17:33:39:526 Servidor CPU/(5895:5902): Recibi configuracion por handshake 

[INFO] 17:33:46:046 Servidor CPU/(5895:5903): Se conecto Kernel al puerto interrupt 

[INFO] 17:33:51:729 Servidor CPU/(5895:5895): Recibi PCB de Id: 0 

[INFO] 17:33:51:729 Servidor CPU/(5895:5895): Se creo hilo para recibir interrupciones 

[INFO] 17:33:51:731 Servidor CPU/(5895:5895): Se ejecuto instruccion NO-OP 

[INFO] 17:33:51:732 Servidor CPU/(5895:5895): Se ejecuto instruccion NO-OP 

[INFO] 17:33:51:735 Servidor CPU/(5895:5895): Se ejecuto instruccion NO-OP 

[INFO] 17:33:51:736 Servidor CPU/(5895:5895): Se ejecuto instruccion NO-OP 

[INFO] 17:33:51:738 Servidor CPU/(5895:5895): Se ejecuto instruccion NO-OP 

[INFO] 17:33:51:738 Servidor CPU/(5895:5895): Se ejecuto instruccion I/O 

[INFO] 17:33:54:742 Servidor CPU/(5895:5895): Recibi PCB de Id: 0 

[INFO] 17:33:54:743 Servidor CPU/(5895:5895): Se creo hilo para recibir interrupciones 

[INFO] 17:33:54:744 Servidor CPU/(5895:5895): Se ejecuto instruccion NO-OP 

[INFO] 17:33:54:746 Servidor CPU/(5895:5895): Se ejecuto instruccion NO-OP 

[INFO] 17:33:54:747 Servidor CPU/(5895:5895): Se ejecuto instruccion NO-OP 

[INFO] 17:33:54:747 Servidor CPU/(5895:5895): Se ejecuto instruccion EXIT 

[INFO] 17:38:20:107 Servidor CPU/(6200:6200): Hilo de interrupciones creado 

[INFO] 17:38:20:107 Servidor CPU/(6200:6200): Tlb creada 

[INFO] 17:38:20:107 Servidor CPU/(6200:6200): CPU listo para recibir al modulo cliente 

[INFO] 17:38:20:108 Servidor CPU/(6200:6208): CPU listo para recibir interrupciones 

[INFO] 17:38:20:112 Servidor CPU/(6200:6207): Pedido de handshake enviado 

[INFO] 17:38:20:116 Servidor CPU/(6200:6207): Recibi configuracion por handshake 

[INFO] 17:38:23:926 Servidor CPU/(6200:6208): Se conecto Kernel al puerto interrupt 

[INFO] 17:38:28:842 Servidor CPU/(6200:6200): Recibi PCB de Id: 0 

[INFO] 17:38:28:842 Servidor CPU/(6200:6200): Se creo hilo para recibir interrupciones 

[INFO] 17:38:28:844 Servidor CPU/(6200:6200): Se ejecuto instruccion NO-OP 

[INFO] 17:38:28:845 Servidor CPU/(6200:6200): Se ejecuto instruccion NO-OP 

[INFO] 17:38:28:847 Servidor CPU/(6200:6200): Se ejecuto instruccion NO-OP 

[INFO] 17:38:28:848 Servidor CPU/(6200:6200): Se ejecuto instruccion NO-OP 

[INFO] 17:38:28:850 Servidor CPU/(6200:6200): Se ejecuto instruccion NO-OP 

[INFO] 17:38:28:851 Servidor CPU/(6200:6200): Se ejecuto instruccion I/O 

[INFO] 17:38:31:856 Servidor CPU/(6200:6200): Recibi PCB de Id: 0 

[INFO] 17:38:31:856 Servidor CPU/(6200:6200): Se creo hilo para recibir interrupciones 

[INFO] 17:38:31:857 Servidor CPU/(6200:6200): Se ejecuto instruccion NO-OP 

[INFO] 17:38:31:860 Servidor CPU/(6200:6200): Se ejecuto instruccion NO-OP 

[INFO] 17:38:31:861 Servidor CPU/(6200:6200): Se ejecuto instruccion NO-OP 

[INFO] 17:38:31:861 Servidor CPU/(6200:6200): Se ejecuto instruccion EXIT 

[INFO] 17:41:21:691 Servidor CPU/(6478:6478): Hilo de interrupciones creado 

[INFO] 17:41:21:691 Servidor CPU/(6478:6478): Tlb creada 

[INFO] 17:41:21:691 Servidor CPU/(6478:6478): CPU listo para recibir al modulo cliente 

[INFO] 17:41:21:695 Servidor CPU/(6478:6486): CPU listo para recibir interrupciones 

[INFO] 17:41:21:698 Servidor CPU/(6478:6485): Pedido de handshake enviado 

[INFO] 17:41:21:700 Servidor CPU/(6478:6485): Recibi configuracion por handshake 

[INFO] 17:41:24:303 Servidor CPU/(6478:6486): Se conecto Kernel al puerto interrupt 

[INFO] 17:41:26:797 Servidor CPU/(6478:6478): Recibi PCB de Id: 0 

[INFO] 17:41:26:797 Servidor CPU/(6478:6478): Se creo hilo para recibir interrupciones 

[INFO] 17:41:26:800 Servidor CPU/(6478:6478): Se ejecuto instruccion NO-OP 

[INFO] 17:41:26:802 Servidor CPU/(6478:6478): Se ejecuto instruccion NO-OP 

[INFO] 17:41:26:804 Servidor CPU/(6478:6478): Se ejecuto instruccion NO-OP 

[INFO] 17:41:26:806 Servidor CPU/(6478:6478): Se ejecuto instruccion NO-OP 

[INFO] 17:41:26:807 Servidor CPU/(6478:6478): Se ejecuto instruccion NO-OP 

[INFO] 17:41:26:807 Servidor CPU/(6478:6478): Se ejecuto instruccion I/O 

[INFO] 17:41:29:813 Servidor CPU/(6478:6478): Recibi PCB de Id: 0 

[INFO] 17:41:29:813 Servidor CPU/(6478:6478): Se creo hilo para recibir interrupciones 

[INFO] 17:41:29:815 Servidor CPU/(6478:6478): Se ejecuto instruccion NO-OP 

[INFO] 17:41:29:816 Servidor CPU/(6478:6478): Se ejecuto instruccion NO-OP 

[INFO] 17:41:29:818 Servidor CPU/(6478:6478): Se ejecuto instruccion NO-OP 

[INFO] 17:41:29:818 Servidor CPU/(6478:6478): Se ejecuto instruccion EXIT 

[INFO] 17:45:09:861 Servidor CPU/(6838:6838): Hilo de interrupciones creado 

[INFO] 17:45:09:861 Servidor CPU/(6838:6838): Tlb creada 

[INFO] 17:45:09:861 Servidor CPU/(6838:6838): CPU listo para recibir al modulo cliente 

[INFO] 17:45:09:861 Servidor CPU/(6838:6846): CPU listo para recibir interrupciones 

[INFO] 17:45:09:866 Servidor CPU/(6838:6845): Pedido de handshake enviado 

[INFO] 17:45:09:868 Servidor CPU/(6838:6845): Recibi configuracion por handshake 

[INFO] 17:45:12:507 Servidor CPU/(6838:6846): Se conecto Kernel al puerto interrupt 

[ERROR] 17:45:15:149 Servidor CPU/(6838:6846): Fallo la comunicacion. Abortando 

[ERROR] 17:45:15:149 Servidor CPU/(6838:6838): Fallo la comunicacion. Abortando 

[INFO] 17:46:21:431 Servidor CPU/(7062:7062): Hilo de interrupciones creado 

[INFO] 17:46:21:431 Servidor CPU/(7062:7062): Tlb creada 

[INFO] 17:46:21:432 Servidor CPU/(7062:7062): CPU listo para recibir al modulo cliente 

[INFO] 17:46:21:432 Servidor CPU/(7062:7070): CPU listo para recibir interrupciones 

[INFO] 17:46:21:437 Servidor CPU/(7062:7069): Pedido de handshake enviado 

[INFO] 17:46:21:439 Servidor CPU/(7062:7069): Recibi configuracion por handshake 

[INFO] 17:46:23:702 Servidor CPU/(7062:7070): Se conecto Kernel al puerto interrupt 

[INFO] 17:46:27:236 Servidor CPU/(7062:7062): Recibi PCB de Id: 0 

[INFO] 17:46:27:236 Servidor CPU/(7062:7062): Se creo hilo para recibir interrupciones 

[INFO] 17:46:27:238 Servidor CPU/(7062:7062): Se ejecuto instruccion NO-OP 

[INFO] 17:46:27:240 Servidor CPU/(7062:7062): Se ejecuto instruccion NO-OP 

[INFO] 17:46:27:242 Servidor CPU/(7062:7062): Se ejecuto instruccion NO-OP 

[INFO] 17:46:27:243 Servidor CPU/(7062:7062): Se ejecuto instruccion NO-OP 

[INFO] 17:46:27:244 Servidor CPU/(7062:7062): Se ejecuto instruccion NO-OP 

[INFO] 17:46:27:244 Servidor CPU/(7062:7062): Se ejecuto instruccion I/O 

[INFO] 17:46:30:249 Servidor CPU/(7062:7062): Recibi PCB de Id: 0 

[INFO] 17:46:30:249 Servidor CPU/(7062:7062): Se creo hilo para recibir interrupciones 

[INFO] 17:46:30:250 Servidor CPU/(7062:7062): Se ejecuto instruccion NO-OP 

[INFO] 17:46:30:252 Servidor CPU/(7062:7062): Se ejecuto instruccion NO-OP 

[INFO] 17:46:30:253 Servidor CPU/(7062:7062): Se ejecuto instruccion NO-OP 

[INFO] 17:46:30:253 Servidor CPU/(7062:7062): Se ejecuto instruccion EXIT 

[INFO] 17:53:16:745 Servidor CPU/(7398:7398): Hilo de interrupciones creado 

[INFO] 17:53:16:745 Servidor CPU/(7398:7398): Tlb creada 

[INFO] 17:53:16:746 Servidor CPU/(7398:7398): CPU listo para recibir al modulo cliente 

[INFO] 17:53:16:746 Servidor CPU/(7398:7406): CPU listo para recibir interrupciones 

[INFO] 17:53:16:750 Servidor CPU/(7398:7405): Pedido de handshake enviado 

[INFO] 17:53:16:752 Servidor CPU/(7398:7405): Recibi configuracion por handshake 

[INFO] 17:53:19:476 Servidor CPU/(7398:7406): Se conecto Kernel al puerto interrupt 

[INFO] 17:53:21:478 Servidor CPU/(7398:7398): Recibi PCB de Id: 0 

[INFO] 17:53:21:478 Servidor CPU/(7398:7398): Se creo hilo para recibir interrupciones 

[INFO] 17:53:21:480 Servidor CPU/(7398:7398): Se ejecuto instruccion NO-OP 

[INFO] 17:53:21:481 Servidor CPU/(7398:7398): Se ejecuto instruccion NO-OP 

[INFO] 17:53:21:483 Servidor CPU/(7398:7398): Se ejecuto instruccion NO-OP 

[INFO] 17:53:21:484 Servidor CPU/(7398:7398): Se ejecuto instruccion NO-OP 

[INFO] 17:53:21:485 Servidor CPU/(7398:7398): Se ejecuto instruccion NO-OP 

[INFO] 17:53:21:485 Servidor CPU/(7398:7398): Se ejecuto instruccion I/O 

[INFO] 17:53:24:490 Servidor CPU/(7398:7398): Recibi PCB de Id: 0 

[INFO] 17:53:24:490 Servidor CPU/(7398:7398): Se creo hilo para recibir interrupciones 

[INFO] 17:53:24:492 Servidor CPU/(7398:7398): Se ejecuto instruccion NO-OP 

[INFO] 17:53:24:493 Servidor CPU/(7398:7398): Se ejecuto instruccion NO-OP 

[INFO] 17:53:24:494 Servidor CPU/(7398:7398): Se ejecuto instruccion NO-OP 

[INFO] 17:53:24:494 Servidor CPU/(7398:7398): Se ejecuto instruccion EXIT 

[INFO] 17:57:01:799 Servidor CPU/(7724:7724): Hilo de interrupciones creado 

[INFO] 17:57:01:799 Servidor CPU/(7724:7724): Tlb creada 

[INFO] 17:57:01:800 Servidor CPU/(7724:7724): CPU listo para recibir al modulo cliente 

[INFO] 17:57:01:802 Servidor CPU/(7724:7732): CPU listo para recibir interrupciones 

[INFO] 17:57:01:804 Servidor CPU/(7724:7731): Pedido de handshake enviado 

[INFO] 17:57:01:806 Servidor CPU/(7724:7731): Recibi configuracion por handshake 

[INFO] 17:57:04:417 Servidor CPU/(7724:7732): Se conecto Kernel al puerto interrupt 

[INFO] 17:57:08:414 Servidor CPU/(7724:7724): Recibi PCB de Id: 0 

[INFO] 17:57:08:414 Servidor CPU/(7724:7724): Se creo hilo para recibir interrupciones 

[INFO] 17:57:08:416 Servidor CPU/(7724:7724): Se ejecuto instruccion NO-OP 

[INFO] 17:57:08:417 Servidor CPU/(7724:7724): Se ejecuto instruccion NO-OP 

[INFO] 17:57:08:418 Servidor CPU/(7724:7724): Se ejecuto instruccion NO-OP 

[INFO] 17:57:08:420 Servidor CPU/(7724:7724): Se ejecuto instruccion NO-OP 

[INFO] 17:57:08:422 Servidor CPU/(7724:7724): Se ejecuto instruccion NO-OP 

[INFO] 17:57:08:422 Servidor CPU/(7724:7724): Se ejecuto instruccion I/O 

[INFO] 17:57:11:426 Servidor CPU/(7724:7724): Recibi PCB de Id: 0 

[INFO] 17:57:11:426 Servidor CPU/(7724:7724): Se creo hilo para recibir interrupciones 

[INFO] 17:57:11:427 Servidor CPU/(7724:7724): Se ejecuto instruccion NO-OP 

[INFO] 17:57:11:429 Servidor CPU/(7724:7724): Se ejecuto instruccion NO-OP 

[INFO] 17:57:11:431 Servidor CPU/(7724:7724): Se ejecuto instruccion NO-OP 

[INFO] 17:57:11:431 Servidor CPU/(7724:7724): Se ejecuto instruccion EXIT 

[INFO] 17:59:59:024 Servidor CPU/(7990:7990): Hilo de interrupciones creado 

[INFO] 17:59:59:024 Servidor CPU/(7990:7990): Tlb creada 

[INFO] 17:59:59:025 Servidor CPU/(7990:7990): CPU listo para recibir al modulo cliente 

[INFO] 17:59:59:029 Servidor CPU/(7990:7998): CPU listo para recibir interrupciones 

[INFO] 17:59:59:029 Servidor CPU/(7990:7997): Pedido de handshake enviado 

[INFO] 17:59:59:031 Servidor CPU/(7990:7997): Recibi configuracion por handshake 

[INFO] 18:00:01:982 Servidor CPU/(7990:7998): Se conecto Kernel al puerto interrupt 

[INFO] 18:00:04:807 Servidor CPU/(7990:7990): Recibi PCB de Id: 0 

[INFO] 18:00:04:807 Servidor CPU/(7990:7990): Se creo hilo para recibir interrupciones 

[INFO] 18:00:04:808 Servidor CPU/(7990:7990): Se ejecuto instruccion NO-OP 

[INFO] 18:00:04:810 Servidor CPU/(7990:7990): Se ejecuto instruccion NO-OP 

[INFO] 18:00:04:811 Servidor CPU/(7990:7990): Se ejecuto instruccion NO-OP 

[INFO] 18:00:04:813 Servidor CPU/(7990:7990): Se ejecuto instruccion NO-OP 

[INFO] 18:00:04:815 Servidor CPU/(7990:7990): Se ejecuto instruccion NO-OP 

[INFO] 18:00:04:815 Servidor CPU/(7990:7990): Se ejecuto instruccion I/O 

[INFO] 18:00:07:822 Servidor CPU/(7990:7990): Recibi PCB de Id: 0 

[INFO] 18:00:07:822 Servidor CPU/(7990:7990): Se creo hilo para recibir interrupciones 

[INFO] 18:00:07:823 Servidor CPU/(7990:7990): Se ejecuto instruccion NO-OP 

[INFO] 18:00:07:824 Servidor CPU/(7990:7990): Se ejecuto instruccion NO-OP 

[INFO] 18:00:07:826 Servidor CPU/(7990:7990): Se ejecuto instruccion NO-OP 

[INFO] 18:00:07:826 Servidor CPU/(7990:7990): Se ejecuto instruccion EXIT 

[INFO] 18:01:52:885 Servidor CPU/(8275:8275): Hilo de interrupciones creado 

[INFO] 18:01:52:885 Servidor CPU/(8275:8275): Tlb creada 

[INFO] 18:01:52:885 Servidor CPU/(8275:8275): CPU listo para recibir al modulo cliente 

[INFO] 18:01:52:889 Servidor CPU/(8275:8283): CPU listo para recibir interrupciones 

[INFO] 18:01:52:891 Servidor CPU/(8275:8282): Pedido de handshake enviado 

[INFO] 18:01:52:893 Servidor CPU/(8275:8282): Recibi configuracion por handshake 

[INFO] 18:01:54:904 Servidor CPU/(8275:8283): Se conecto Kernel al puerto interrupt 

[INFO] 18:01:57:297 Servidor CPU/(8275:8275): Recibi PCB de Id: 0 

[INFO] 18:01:57:297 Servidor CPU/(8275:8275): Se creo hilo para recibir interrupciones 

[INFO] 18:01:57:299 Servidor CPU/(8275:8275): Se ejecuto instruccion NO-OP 

[INFO] 18:01:57:301 Servidor CPU/(8275:8275): Se ejecuto instruccion NO-OP 

[INFO] 18:01:57:303 Servidor CPU/(8275:8275): Se ejecuto instruccion NO-OP 

[INFO] 18:01:57:305 Servidor CPU/(8275:8275): Se ejecuto instruccion NO-OP 

[INFO] 18:01:57:307 Servidor CPU/(8275:8275): Se ejecuto instruccion NO-OP 

[INFO] 18:01:57:307 Servidor CPU/(8275:8275): Se ejecuto instruccion I/O 

[INFO] 18:02:00:312 Servidor CPU/(8275:8275): Recibi PCB de Id: 0 

[INFO] 18:02:00:312 Servidor CPU/(8275:8275): Se creo hilo para recibir interrupciones 

[INFO] 18:02:00:313 Servidor CPU/(8275:8275): Se ejecuto instruccion NO-OP 

[INFO] 18:02:00:315 Servidor CPU/(8275:8275): Se ejecuto instruccion NO-OP 

[INFO] 18:02:00:317 Servidor CPU/(8275:8275): Se ejecuto instruccion NO-OP 

[INFO] 18:02:00:317 Servidor CPU/(8275:8275): Se ejecuto instruccion EXIT 

[INFO] 18:04:38:944 Servidor CPU/(8734:8734): Hilo de interrupciones creado 

[INFO] 18:04:38:947 Servidor CPU/(8734:8734): Tlb creada 

[INFO] 18:04:38:948 Servidor CPU/(8734:8734): CPU listo para recibir al modulo cliente 

[INFO] 18:04:38:948 Servidor CPU/(8734:8742): CPU listo para recibir interrupciones 

[INFO] 18:04:38:958 Servidor CPU/(8734:8741): Pedido de handshake enviado 

[INFO] 18:04:38:960 Servidor CPU/(8734:8741): Recibi configuracion por handshake 

[INFO] 18:04:41:540 Servidor CPU/(8734:8742): Se conecto Kernel al puerto interrupt 

[INFO] 18:04:44:566 Servidor CPU/(8734:8734): Recibi PCB de Id: 0 

[INFO] 18:04:44:566 Servidor CPU/(8734:8734): Se creo hilo para recibir interrupciones 

[INFO] 18:04:44:567 Servidor CPU/(8734:8734): Se ejecuto instruccion NO-OP 

[INFO] 18:04:44:569 Servidor CPU/(8734:8734): Se ejecuto instruccion NO-OP 

[INFO] 18:04:44:571 Servidor CPU/(8734:8734): Se ejecuto instruccion NO-OP 

[INFO] 18:04:44:573 Servidor CPU/(8734:8734): Se ejecuto instruccion NO-OP 

[INFO] 18:04:44:575 Servidor CPU/(8734:8734): Se ejecuto instruccion NO-OP 

[INFO] 18:04:44:575 Servidor CPU/(8734:8734): Se ejecuto instruccion I/O 

[INFO] 18:04:47:581 Servidor CPU/(8734:8734): Recibi PCB de Id: 0 

[INFO] 18:04:47:582 Servidor CPU/(8734:8734): Se creo hilo para recibir interrupciones 

[INFO] 18:04:47:583 Servidor CPU/(8734:8734): Se ejecuto instruccion NO-OP 

[INFO] 18:04:47:585 Servidor CPU/(8734:8734): Se ejecuto instruccion NO-OP 

[INFO] 18:04:47:586 Servidor CPU/(8734:8734): Se ejecuto instruccion NO-OP 

[INFO] 18:04:47:587 Servidor CPU/(8734:8734): Se ejecuto instruccion EXIT 

[INFO] 18:09:18:257 Servidor CPU/(9072:9072): Hilo de interrupciones creado 

[INFO] 18:09:18:257 Servidor CPU/(9072:9072): Tlb creada 

[INFO] 18:09:18:258 Servidor CPU/(9072:9072): CPU listo para recibir al modulo cliente 

[INFO] 18:09:18:258 Servidor CPU/(9072:9080): CPU listo para recibir interrupciones 

[INFO] 18:09:18:267 Servidor CPU/(9072:9079): Pedido de handshake enviado 

[INFO] 18:09:18:268 Servidor CPU/(9072:9079): Recibi configuracion por handshake 

[INFO] 18:09:20:671 Servidor CPU/(9072:9080): Se conecto Kernel al puerto interrupt 

[INFO] 18:09:24:580 Servidor CPU/(9072:9072): Recibi PCB de Id: 0 

[INFO] 18:09:24:580 Servidor CPU/(9072:9072): Se creo hilo para recibir interrupciones 

[INFO] 18:09:24:582 Servidor CPU/(9072:9072): Se ejecuto instruccion NO-OP 

[INFO] 18:09:24:583 Servidor CPU/(9072:9072): Se ejecuto instruccion NO-OP 

[INFO] 18:09:24:585 Servidor CPU/(9072:9072): Se ejecuto instruccion NO-OP 

[INFO] 18:09:24:587 Servidor CPU/(9072:9072): Se ejecuto instruccion NO-OP 

[INFO] 18:09:24:588 Servidor CPU/(9072:9072): Se ejecuto instruccion NO-OP 

[INFO] 18:09:24:588 Servidor CPU/(9072:9072): Se ejecuto instruccion I/O 

[INFO] 18:09:27:594 Servidor CPU/(9072:9072): Recibi PCB de Id: 0 

[INFO] 18:09:27:594 Servidor CPU/(9072:9072): Se creo hilo para recibir interrupciones 

[INFO] 18:09:27:595 Servidor CPU/(9072:9072): Se ejecuto instruccion NO-OP 

[INFO] 18:09:27:596 Servidor CPU/(9072:9072): Se ejecuto instruccion NO-OP 

[INFO] 18:09:27:598 Servidor CPU/(9072:9072): Se ejecuto instruccion NO-OP 

[INFO] 18:09:27:598 Servidor CPU/(9072:9072): Se ejecuto instruccion EXIT 

[INFO] 18:20:12:193 Servidor CPU/(9456:9456): Hilo de interrupciones creado 

[INFO] 18:20:12:193 Servidor CPU/(9456:9456): Tlb creada 

[INFO] 18:20:12:198 Servidor CPU/(9456:9456): CPU listo para recibir al modulo cliente 

[INFO] 18:20:12:200 Servidor CPU/(9456:9464): CPU listo para recibir interrupciones 

[INFO] 18:20:12:200 Servidor CPU/(9456:9463): Pedido de handshake enviado 

[INFO] 18:20:12:202 Servidor CPU/(9456:9463): Recibi configuracion por handshake 

[INFO] 18:20:14:294 Servidor CPU/(9456:9464): Se conecto Kernel al puerto interrupt 

[INFO] 18:20:17:723 Servidor CPU/(9456:9456): Recibi PCB de Id: 0 

[INFO] 18:20:17:723 Servidor CPU/(9456:9456): Se creo hilo para recibir interrupciones 

[INFO] 18:20:17:725 Servidor CPU/(9456:9456): Se ejecuto instruccion NO-OP 

[INFO] 18:20:17:727 Servidor CPU/(9456:9456): Se ejecuto instruccion NO-OP 

[INFO] 18:20:17:728 Servidor CPU/(9456:9456): Se ejecuto instruccion NO-OP 

[INFO] 18:20:17:729 Servidor CPU/(9456:9456): Se ejecuto instruccion NO-OP 

[INFO] 18:20:17:731 Servidor CPU/(9456:9456): Se ejecuto instruccion NO-OP 

[INFO] 18:20:17:731 Servidor CPU/(9456:9456): Se ejecuto instruccion I/O 

[INFO] 18:20:20:735 Servidor CPU/(9456:9456): Recibi PCB de Id: 0 

[INFO] 18:20:20:736 Servidor CPU/(9456:9456): Se creo hilo para recibir interrupciones 

[INFO] 18:20:20:737 Servidor CPU/(9456:9456): Se ejecuto instruccion NO-OP 

[INFO] 18:20:20:738 Servidor CPU/(9456:9456): Se ejecuto instruccion NO-OP 

[INFO] 18:20:20:740 Servidor CPU/(9456:9456): Se ejecuto instruccion NO-OP 

[INFO] 18:20:20:740 Servidor CPU/(9456:9456): Se ejecuto instruccion EXIT 

[INFO] 18:23:01:463 Servidor CPU/(9723:9723): Hilo de interrupciones creado 

[INFO] 18:23:01:463 Servidor CPU/(9723:9723): Tlb creada 

[INFO] 18:23:01:463 Servidor CPU/(9723:9723): CPU listo para recibir al modulo cliente 

[INFO] 18:23:01:477 Servidor CPU/(9723:9731): CPU listo para recibir interrupciones 

[INFO] 18:23:01:477 Servidor CPU/(9723:9730): Pedido de handshake enviado 

[INFO] 18:23:01:478 Servidor CPU/(9723:9730): Recibi configuracion por handshake 

[INFO] 18:23:04:544 Servidor CPU/(9723:9731): Se conecto Kernel al puerto interrupt 

[ERROR] 18:23:08:824 Servidor CPU/(9723:9731): Fallo la comunicacion. Abortando 

[ERROR] 18:23:08:825 Servidor CPU/(9723:9723): Fallo la comunicacion. Abortando 

[INFO] 18:24:26:043 Servidor CPU/(10019:10019): Hilo de interrupciones creado 

[INFO] 18:24:26:043 Servidor CPU/(10019:10019): Tlb creada 

[INFO] 18:24:26:043 Servidor CPU/(10019:10019): CPU listo para recibir al modulo cliente 

[INFO] 18:24:26:045 Servidor CPU/(10019:10027): CPU listo para recibir interrupciones 

[INFO] 18:24:26:052 Servidor CPU/(10019:10026): Pedido de handshake enviado 

[INFO] 18:24:26:054 Servidor CPU/(10019:10026): Recibi configuracion por handshake 

[INFO] 18:24:28:233 Servidor CPU/(10019:10027): Se conecto Kernel al puerto interrupt 

[INFO] 18:24:30:994 Servidor CPU/(10019:10019): Recibi PCB de Id: 0 

[INFO] 18:24:30:995 Servidor CPU/(10019:10019): Se creo hilo para recibir interrupciones 

[INFO] 18:24:30:996 Servidor CPU/(10019:10019): Se ejecuto instruccion NO-OP 

[INFO] 18:24:30:997 Servidor CPU/(10019:10019): Se ejecuto instruccion NO-OP 

[INFO] 18:24:30:999 Servidor CPU/(10019:10019): Se ejecuto instruccion NO-OP 

[INFO] 18:24:31:000 Servidor CPU/(10019:10019): Se ejecuto instruccion NO-OP 

[INFO] 18:24:31:001 Servidor CPU/(10019:10019): Se ejecuto instruccion NO-OP 

[INFO] 18:24:31:001 Servidor CPU/(10019:10019): Se ejecuto instruccion I/O 

[INFO] 18:24:34:007 Servidor CPU/(10019:10019): Recibi PCB de Id: 0 

[INFO] 18:24:34:007 Servidor CPU/(10019:10019): Se creo hilo para recibir interrupciones 

[INFO] 18:24:34:008 Servidor CPU/(10019:10019): Se ejecuto instruccion NO-OP 

[INFO] 18:24:34:010 Servidor CPU/(10019:10019): Se ejecuto instruccion NO-OP 

[INFO] 18:24:34:012 Servidor CPU/(10019:10019): Se ejecuto instruccion NO-OP 

[INFO] 18:24:34:012 Servidor CPU/(10019:10019): Se ejecuto instruccion EXIT 

[INFO] 19:31:19:079 Servidor CPU/(11506:11506): Hilo de interrupciones creado 

[INFO] 19:31:19:080 Servidor CPU/(11506:11506): Tlb creada 

[INFO] 19:31:19:080 Servidor CPU/(11506:11506): CPU listo para recibir al modulo cliente 

[INFO] 19:31:19:080 Servidor CPU/(11506:11514): CPU listo para recibir interrupciones 

[INFO] 19:31:19:087 Servidor CPU/(11506:11513): Pedido de handshake enviado 

[INFO] 19:31:19:090 Servidor CPU/(11506:11513): Recibi configuracion por handshake 

[INFO] 19:31:22:073 Servidor CPU/(11506:11514): Se conecto Kernel al puerto interrupt 

[INFO] 19:31:25:343 Servidor CPU/(11506:11506): Recibi PCB de Id: 0 

[INFO] 19:31:25:343 Servidor CPU/(11506:11506): Se creo hilo para recibir interrupciones 

[INFO] 19:31:25:345 Servidor CPU/(11506:11506): Se ejecuto instruccion NO-OP 

[INFO] 19:31:25:346 Servidor CPU/(11506:11506): Se ejecuto instruccion NO-OP 

[INFO] 19:31:25:348 Servidor CPU/(11506:11506): Se ejecuto instruccion NO-OP 

[INFO] 19:31:25:349 Servidor CPU/(11506:11506): Se ejecuto instruccion NO-OP 

[INFO] 19:31:25:350 Servidor CPU/(11506:11506): Se ejecuto instruccion NO-OP 

[INFO] 19:31:25:350 Servidor CPU/(11506:11506): Se ejecuto instruccion I/O 

[INFO] 19:31:28:355 Servidor CPU/(11506:11506): Recibi PCB de Id: 0 

[INFO] 19:31:28:355 Servidor CPU/(11506:11506): Se creo hilo para recibir interrupciones 

[INFO] 19:31:28:356 Servidor CPU/(11506:11506): Se ejecuto instruccion NO-OP 

[INFO] 19:31:28:357 Servidor CPU/(11506:11506): Se ejecuto instruccion NO-OP 

[INFO] 19:31:28:359 Servidor CPU/(11506:11506): Se ejecuto instruccion NO-OP 

[INFO] 19:31:28:359 Servidor CPU/(11506:11506): Se ejecuto instruccion EXIT 

[INFO] 19:36:18:752 Servidor CPU/(11806:11806): Hilo de interrupciones creado 

[INFO] 19:36:18:752 Servidor CPU/(11806:11806): Tlb creada 

[INFO] 19:36:18:752 Servidor CPU/(11806:11806): CPU listo para recibir al modulo cliente 

[INFO] 19:36:18:752 Servidor CPU/(11806:11814): CPU listo para recibir interrupciones 

[INFO] 19:36:18:757 Servidor CPU/(11806:11813): Pedido de handshake enviado 

[INFO] 19:36:18:759 Servidor CPU/(11806:11813): Recibi configuracion por handshake 

[INFO] 19:36:21:459 Servidor CPU/(11806:11814): Se conecto Kernel al puerto interrupt 

[INFO] 19:36:23:584 Servidor CPU/(11806:11806): Recibi PCB de Id: 0 

[INFO] 19:36:23:584 Servidor CPU/(11806:11806): Se creo hilo para recibir interrupciones 

[INFO] 19:36:23:586 Servidor CPU/(11806:11806): Se ejecuto instruccion NO-OP 

[INFO] 19:36:23:587 Servidor CPU/(11806:11806): Se ejecuto instruccion NO-OP 

[INFO] 19:36:23:589 Servidor CPU/(11806:11806): Se ejecuto instruccion NO-OP 

[INFO] 19:36:23:591 Servidor CPU/(11806:11806): Se ejecuto instruccion NO-OP 

[INFO] 19:36:23:593 Servidor CPU/(11806:11806): Se ejecuto instruccion NO-OP 

[INFO] 19:36:23:593 Servidor CPU/(11806:11806): Se ejecuto instruccion I/O 

[INFO] 19:36:26:598 Servidor CPU/(11806:11806): Recibi PCB de Id: 0 

[INFO] 19:36:26:598 Servidor CPU/(11806:11806): Se creo hilo para recibir interrupciones 

[INFO] 19:36:26:600 Servidor CPU/(11806:11806): Se ejecuto instruccion NO-OP 

[INFO] 19:36:26:601 Servidor CPU/(11806:11806): Se ejecuto instruccion NO-OP 

[INFO] 19:36:26:603 Servidor CPU/(11806:11806): Se ejecuto instruccion NO-OP 

[INFO] 19:36:26:603 Servidor CPU/(11806:11806): Se ejecuto instruccion EXIT 

[INFO] 19:39:46:533 Servidor CPU/(12213:12213): Hilo de interrupciones creado 

[INFO] 19:39:46:533 Servidor CPU/(12213:12213): Tlb creada 

[INFO] 19:39:46:533 Servidor CPU/(12213:12213): CPU listo para recibir al modulo cliente 

[INFO] 19:39:46:533 Servidor CPU/(12213:12221): CPU listo para recibir interrupciones 

[INFO] 19:39:46:540 Servidor CPU/(12213:12220): Pedido de handshake enviado 

[INFO] 19:39:46:552 Servidor CPU/(12213:12220): Recibi configuracion por handshake 

[INFO] 19:39:48:938 Servidor CPU/(12213:12221): Se conecto Kernel al puerto interrupt 

[INFO] 19:39:52:941 Servidor CPU/(12213:12213): Recibi PCB de Id: 0 

[INFO] 19:39:52:942 Servidor CPU/(12213:12213): Se creo hilo para recibir interrupciones 

[INFO] 19:39:52:943 Servidor CPU/(12213:12213): Se ejecuto instruccion NO-OP 

[INFO] 19:39:52:944 Servidor CPU/(12213:12213): Se ejecuto instruccion NO-OP 

[INFO] 19:39:52:946 Servidor CPU/(12213:12213): Se ejecuto instruccion NO-OP 

[INFO] 19:39:52:947 Servidor CPU/(12213:12213): Se ejecuto instruccion NO-OP 

[INFO] 19:39:52:949 Servidor CPU/(12213:12213): Se ejecuto instruccion NO-OP 

[INFO] 19:39:52:949 Servidor CPU/(12213:12213): Se ejecuto instruccion I/O 

[INFO] 19:39:55:953 Servidor CPU/(12213:12213): Recibi PCB de Id: 0 

[INFO] 19:39:55:953 Servidor CPU/(12213:12213): Se creo hilo para recibir interrupciones 

[INFO] 19:39:55:954 Servidor CPU/(12213:12213): Se ejecuto instruccion NO-OP 

[INFO] 19:39:55:956 Servidor CPU/(12213:12213): Se ejecuto instruccion NO-OP 

[INFO] 19:39:55:958 Servidor CPU/(12213:12213): Se ejecuto instruccion NO-OP 

[INFO] 19:39:55:958 Servidor CPU/(12213:12213): Se ejecuto instruccion EXIT 

