[INFO] 20:51:48:587 Servidor Memoria/(3862:3862): El algoritmo de planificacion elegido es CLOCK-M.

[INFO] 20:51:48:587 Servidor Memoria/(3862:3862): Memoria lista para recibir al modulo cliente 

[INFO] 20:55:20:638 Servidor Memoria/(4090:4090): El algoritmo de planificacion elegido es CLOCK-M.

[INFO] 20:55:20:638 Servidor Memoria/(4090:4090): Memoria lista para recibir al modulo cliente 

[INFO] 13:24:55:648 Servidor Memoria/(5548:5548): El algoritmo de planificacion elegido es CLOCK-M.

[INFO] 13:24:55:649 Servidor Memoria/(5548:5548): Memoria lista para recibir al modulo cliente 

[INFO] 15:27:11:664 Servidor Memoria/(7758:7758): El algoritmo de planificacion elegido es CLOCK-M.

[INFO] 15:27:11:665 Servidor Memoria/(7758:7758): Memoria lista para recibir al modulo cliente 

[INFO] 15:48:53:714 Servidor Memoria/(8176:8176): El algoritmo de planificacion elegido es CLOCK-M.

[INFO] 15:48:53:715 Servidor Memoria/(8176:8176): Memoria lista para recibir al modulo cliente 

[INFO] 15:50:08:528 Servidor Memoria/(8324:8324): El algoritmo de planificacion elegido es CLOCK-M.

[INFO] 15:50:08:529 Servidor Memoria/(8324:8324): Memoria lista para recibir al modulo cliente 

[INFO] 15:54:41:390 Servidor Memoria/(8488:8488): El algoritmo de planificacion elegido es CLOCK-M.

[INFO] 15:54:41:392 Servidor Memoria/(8488:8488): Memoria lista para recibir al modulo cliente 

[INFO] 15:55:08:143 Servidor Memoria/(8497:8497): El algoritmo de planificacion elegido es CLOCK-M.

[INFO] 15:55:08:144 Servidor Memoria/(8497:8497): Memoria lista para recibir al modulo cliente 

[INFO] 16:16:09:406 Servidor Memoria/(9514:9514): El algoritmo de planificacion elegido es CLOCK-M.

[INFO] 16:16:09:407 Servidor Memoria/(9514:9514): Memoria lista para recibir al modulo cliente 

[INFO] 16:16:13:741 Servidor Memoria/(9514:9514): Se conecto un cliente 

[INFO] 16:16:39:348 Servidor Memoria/(9514:9514): Se conecto un cliente 

[INFO] 19:38:47:166 Servidor Memoria/(20454:20454): El algoritmo de planificacion elegido es CLOCK-M.

[INFO] 19:38:47:167 Servidor Memoria/(20454:20454): Memoria lista para recibir al modulo cliente 

[INFO] 19:38:50:886 Servidor Memoria/(20454:20454): Se conecto un cliente 

[INFO] 19:38:50:886 Servidor Memoria/(20454:20456): me llego el handshake de cpu 

[INFO] 19:38:50:888 Servidor Memoria/(20454:20456): hanshake enviado a cpu 

[INFO] 19:39:28:996 Servidor Memoria/(20454:20454): Se conecto un cliente 

[INFO] 19:39:29:003 Servidor Memoria/(20454:20549): me llego el handshake de cpu 

[INFO] 19:39:29:004 Servidor Memoria/(20454:20549): hanshake enviado a cpu 

[INFO] 19:39:31:966 Servidor Memoria/(20454:20454): Se conecto un cliente 

[INFO] 19:56:57:808 Servidor Memoria/(20732:20732): El algoritmo de planificacion elegido es CLOCK-M.

[INFO] 19:56:57:809 Servidor Memoria/(20732:20732): Memoria lista para recibir al modulo cliente 

[INFO] 19:57:00:678 Servidor Memoria/(20732:20732): Se conecto un cliente 

[INFO] 19:57:00:679 Servidor Memoria/(20732:20734): me llego el handshake de cpu 

[INFO] 19:57:00:681 Servidor Memoria/(20732:20734): hanshake enviado a cpu 

[INFO] 19:57:02:261 Servidor Memoria/(20732:20732): Se conecto un cliente 

[INFO] 21:07:26:688 Servidor Memoria/(20732:20738): Inicializando estructuras 

[INFO] 21:07:26:689 Servidor Memoria/(20732:20738): recibi pcb de kernel para inicializar estructuras 

[INFO] 21:07:26:689 Servidor Memoria/(20732:20738): tabla segundo nivel creada 

[INFO] 21:07:26:689 Servidor Memoria/(20732:20738): numero de tabla de segundo nivel pasado a la de primer nivel 

[INFO] 21:07:26:689 Servidor Memoria/(20732:20738): tabla segundo nivel creada 

[INFO] 21:07:26:689 Servidor Memoria/(20732:20738): numero de tabla de segundo nivel pasado a la de primer nivel 

[INFO] 21:07:26:689 Servidor Memoria/(20732:20738): tabla segundo nivel creada 

[INFO] 21:07:26:689 Servidor Memoria/(20732:20738): numero de tabla de segundo nivel pasado a la de primer nivel 

[INFO] 21:07:26:689 Servidor Memoria/(20732:20738): tabla segundo nivel creada 

[INFO] 21:07:26:689 Servidor Memoria/(20732:20738): numero de tabla de segundo nivel pasado a la de primer nivel 

[INFO] 21:07:26:690 Servidor Memoria/(20732:20738): Se creo el archivo swap del proceso: 0

[INFO] 21:07:26:690 Servidor Memoria/(20732:20738): Swap creado 

[INFO] 21:07:26:690 Servidor Memoria/(20732:20738): Numero tabla de paginas de 2 nivel del proceso enviado a kernel 

[INFO] 21:07:26:806 Servidor Memoria/(20732:20738): Me llego pedido liberar estructuras del proceso 

[INFO] 21:07:26:807 Servidor Memoria/(20732:20738): Se borro con exito el archivo swap del proceso: 0

[INFO] 21:07:26:807 Servidor Memoria/(20732:20738): Se elimino swap y liberaron las estructuras del proceso 

[INFO] 21:07:31:874 Servidor Memoria/(20732:20738): Inicializando estructuras 

[INFO] 21:07:31:874 Servidor Memoria/(20732:20738): recibi pcb de kernel para inicializar estructuras 

[INFO] 21:07:31:874 Servidor Memoria/(20732:20738): Mayor cantidad de entradas en tabla de primer nivel que las permitidas 

[INFO] 21:09:55:170 Servidor Memoria/(21800:21800): El algoritmo de planificacion elegido es CLOCK-M.

[INFO] 21:09:55:171 Servidor Memoria/(21800:21800): Memoria lista para recibir al modulo cliente 

[INFO] 21:09:57:633 Servidor Memoria/(21800:21800): Se conecto un cliente 

[INFO] 21:09:57:633 Servidor Memoria/(21800:21804): me llego el handshake de cpu 

[INFO] 21:09:57:635 Servidor Memoria/(21800:21804): hanshake enviado a cpu 

[INFO] 21:09:59:571 Servidor Memoria/(21800:21800): Se conecto un cliente 

[INFO] 21:10:15:502 Servidor Memoria/(21800:21808): Inicializando estructuras 

[INFO] 21:10:15:503 Servidor Memoria/(21800:21808): recibi pcb de kernel para inicializar estructuras 

[INFO] 21:10:15:503 Servidor Memoria/(21800:21808): tabla segundo nivel creada 

[INFO] 21:10:15:503 Servidor Memoria/(21800:21808): numero de tabla de segundo nivel pasado a la de primer nivel 

[INFO] 21:10:15:503 Servidor Memoria/(21800:21808): tabla segundo nivel creada 

[INFO] 21:10:15:503 Servidor Memoria/(21800:21808): numero de tabla de segundo nivel pasado a la de primer nivel 

[INFO] 21:10:15:503 Servidor Memoria/(21800:21808): tabla segundo nivel creada 

[INFO] 21:10:15:503 Servidor Memoria/(21800:21808): numero de tabla de segundo nivel pasado a la de primer nivel 

[INFO] 21:10:15:503 Servidor Memoria/(21800:21808): tabla segundo nivel creada 

[INFO] 21:10:15:503 Servidor Memoria/(21800:21808): numero de tabla de segundo nivel pasado a la de primer nivel 

[INFO] 21:10:15:503 Servidor Memoria/(21800:21808): Se creo el archivo swap del proceso: 0

[INFO] 21:10:15:503 Servidor Memoria/(21800:21808): Swap creado 

[INFO] 21:10:15:503 Servidor Memoria/(21800:21808): Numero tabla de paginas de 2 nivel del proceso enviado a kernel 

[INFO] 21:10:15:722 Servidor Memoria/(21800:21808): me llego mensaje para suspender proceso 

[INFO] 21:18:06:841 Servidor Memoria/(22028:22028): El algoritmo de planificacion elegido es CLOCK-M.

[INFO] 21:18:06:841 Servidor Memoria/(22028:22028): Memoria lista para recibir al modulo cliente 

[INFO] 21:18:08:896 Servidor Memoria/(22028:22028): Se conecto un cliente 

[INFO] 21:18:08:896 Servidor Memoria/(22028:22030): me llego el handshake de cpu 

[INFO] 21:18:08:898 Servidor Memoria/(22028:22030): hanshake enviado a cpu 

[INFO] 21:18:11:569 Servidor Memoria/(22028:22028): Se conecto un cliente 

[INFO] 21:18:18:100 Servidor Memoria/(22028:22034): Inicializando estructuras 

[INFO] 21:18:18:100 Servidor Memoria/(22028:22034): recibi pcb de kernel para inicializar estructuras 

[INFO] 21:18:18:100 Servidor Memoria/(22028:22034): tabla segundo nivel creada 

[INFO] 21:18:18:101 Servidor Memoria/(22028:22034): numero de tabla de segundo nivel pasado a la de primer nivel 

[INFO] 21:18:18:101 Servidor Memoria/(22028:22034): tabla segundo nivel creada 

[INFO] 21:18:18:101 Servidor Memoria/(22028:22034): numero de tabla de segundo nivel pasado a la de primer nivel 

[INFO] 21:18:18:101 Servidor Memoria/(22028:22034): tabla segundo nivel creada 

[INFO] 21:18:18:101 Servidor Memoria/(22028:22034): numero de tabla de segundo nivel pasado a la de primer nivel 

[INFO] 21:18:18:101 Servidor Memoria/(22028:22034): tabla segundo nivel creada 

[INFO] 21:18:18:101 Servidor Memoria/(22028:22034): numero de tabla de segundo nivel pasado a la de primer nivel 

[INFO] 21:18:18:101 Servidor Memoria/(22028:22034): Error al crear el archivo swap del proceso: 0

[INFO] 21:19:09:393 Servidor Memoria/(22062:22062): El algoritmo de planificacion elegido es CLOCK-M.

[INFO] 21:19:55:051 Servidor Memoria/(22204:22204): El algoritmo de planificacion elegido es CLOCK-M.

[INFO] 21:19:55:052 Servidor Memoria/(22204:22204): Memoria lista para recibir al modulo cliente 

[INFO] 21:19:57:219 Servidor Memoria/(22204:22204): Se conecto un cliente 

[INFO] 21:19:57:219 Servidor Memoria/(22204:22208): me llego el handshake de cpu 

[INFO] 21:19:57:221 Servidor Memoria/(22204:22208): hanshake enviado a cpu 

[INFO] 21:19:58:947 Servidor Memoria/(22204:22204): Se conecto un cliente 

[INFO] 21:20:01:325 Servidor Memoria/(22204:22212): Inicializando estructuras 

[INFO] 21:20:01:325 Servidor Memoria/(22204:22212): recibi pcb de kernel para inicializar estructuras 

[INFO] 21:20:01:325 Servidor Memoria/(22204:22212): tabla segundo nivel creada 

[INFO] 21:20:01:326 Servidor Memoria/(22204:22212): numero de tabla de segundo nivel pasado a la de primer nivel 

[INFO] 21:20:01:326 Servidor Memoria/(22204:22212): tabla segundo nivel creada 

[INFO] 21:20:01:326 Servidor Memoria/(22204:22212): numero de tabla de segundo nivel pasado a la de primer nivel 

[INFO] 21:20:01:326 Servidor Memoria/(22204:22212): tabla segundo nivel creada 

[INFO] 21:20:01:326 Servidor Memoria/(22204:22212): numero de tabla de segundo nivel pasado a la de primer nivel 

[INFO] 21:20:01:326 Servidor Memoria/(22204:22212): tabla segundo nivel creada 

[INFO] 21:20:01:326 Servidor Memoria/(22204:22212): numero de tabla de segundo nivel pasado a la de primer nivel 

[INFO] 21:20:01:326 Servidor Memoria/(22204:22212): Se creo el archivo swap del proceso: 0

[INFO] 21:20:01:326 Servidor Memoria/(22204:22212): Swap creado 

[INFO] 21:20:01:326 Servidor Memoria/(22204:22212): Numero tabla de paginas de 2 nivel del proceso enviado a kernel 

[INFO] 21:20:01:537 Servidor Memoria/(22204:22212): me llego mensaje para suspender proceso 

[INFO] 21:22:24:012 Servidor Memoria/(22349:22349): El algoritmo de planificacion elegido es CLOCK-M.

[INFO] 21:22:24:013 Servidor Memoria/(22349:22349): Memoria lista para recibir al modulo cliente 

[INFO] 21:22:25:820 Servidor Memoria/(22349:22349): Se conecto un cliente 

[INFO] 21:22:25:821 Servidor Memoria/(22349:22353): me llego el handshake de cpu 

[INFO] 21:22:25:822 Servidor Memoria/(22349:22353): hanshake enviado a cpu 

[INFO] 21:22:27:589 Servidor Memoria/(22349:22349): Se conecto un cliente 

[INFO] 21:22:30:304 Servidor Memoria/(22349:22355): Inicializando estructuras 

[INFO] 21:22:30:304 Servidor Memoria/(22349:22355): recibi pcb de kernel para inicializar estructuras 

[INFO] 21:22:30:304 Servidor Memoria/(22349:22355): tabla segundo nivel creada 

[INFO] 21:22:30:304 Servidor Memoria/(22349:22355): numero de tabla de segundo nivel pasado a la de primer nivel 

[INFO] 21:22:30:304 Servidor Memoria/(22349:22355): tabla segundo nivel creada 

[INFO] 21:22:30:305 Servidor Memoria/(22349:22355): numero de tabla de segundo nivel pasado a la de primer nivel 

[INFO] 21:22:30:305 Servidor Memoria/(22349:22355): tabla segundo nivel creada 

[INFO] 21:22:30:305 Servidor Memoria/(22349:22355): numero de tabla de segundo nivel pasado a la de primer nivel 

[INFO] 21:22:30:305 Servidor Memoria/(22349:22355): tabla segundo nivel creada 

[INFO] 21:22:30:305 Servidor Memoria/(22349:22355): numero de tabla de segundo nivel pasado a la de primer nivel 

[INFO] 21:22:30:305 Servidor Memoria/(22349:22355): Se creo el archivo swap del proceso: 0

[INFO] 21:22:30:305 Servidor Memoria/(22349:22355): Swap creado 

[INFO] 21:22:30:306 Servidor Memoria/(22349:22355): Numero tabla de paginas de 2 nivel del proceso enviado a kernel 

[INFO] 21:22:30:517 Servidor Memoria/(22349:22355): me llego mensaje para suspender proceso 

[INFO] 13:28:23:942 Servidor Memoria/(28559:28559): El algoritmo de planificacion elegido es CLOCK-M.

[INFO] 13:28:23:943 Servidor Memoria/(28559:28559): Memoria lista para recibir al modulo cliente 

[INFO] 13:35:43:223 Servidor Memoria/(29183:29183): El algoritmo de planificacion elegido es CLOCK-M.

[INFO] 13:35:43:223 Servidor Memoria/(29183:29183): Memoria lista para recibir al modulo cliente 

[INFO] 13:35:52:079 Servidor Memoria/(29183:29183): Se conecto un cliente 

[INFO] 13:35:52:083 Servidor Memoria/(29183:29194): me llego el handshake de cpu 

[INFO] 13:35:52:084 Servidor Memoria/(29183:29194): hanshake enviado a cpu 

[INFO] 13:36:01:592 Servidor Memoria/(29183:29183): Se conecto un cliente 

[INFO] 13:36:37:801 Servidor Memoria/(29183:29206): Inicializando estructuras 

[INFO] 13:36:37:801 Servidor Memoria/(29183:29206): recibi pcb de kernel para inicializar estructuras 

[INFO] 13:36:37:801 Servidor Memoria/(29183:29206): tabla segundo nivel creada 

[INFO] 13:36:37:801 Servidor Memoria/(29183:29206): numero de tabla de segundo nivel pasado a la de primer nivel 

[INFO] 13:36:37:801 Servidor Memoria/(29183:29206): tabla segundo nivel creada 

[INFO] 13:36:37:801 Servidor Memoria/(29183:29206): numero de tabla de segundo nivel pasado a la de primer nivel 

[INFO] 13:36:37:801 Servidor Memoria/(29183:29206): tabla segundo nivel creada 

[INFO] 13:36:37:801 Servidor Memoria/(29183:29206): numero de tabla de segundo nivel pasado a la de primer nivel 

[INFO] 13:36:37:801 Servidor Memoria/(29183:29206): tabla segundo nivel creada 

[INFO] 13:36:37:801 Servidor Memoria/(29183:29206): numero de tabla de segundo nivel pasado a la de primer nivel 

[INFO] 13:36:37:801 Servidor Memoria/(29183:29206): Error al crear el archivo swap del proceso: 0

[INFO] 13:37:18:839 Servidor Memoria/(29252:29252): El algoritmo de planificacion elegido es CLOCK-M.

[INFO] 13:37:31:216 Servidor Memoria/(29301:29301): El algoritmo de planificacion elegido es CLOCK-M.

[INFO] 13:37:57:649 Servidor Memoria/(29379:29379): El algoritmo de planificacion elegido es CLOCK-M.

[INFO] 13:37:57:650 Servidor Memoria/(29379:29379): Memoria lista para recibir al modulo cliente 

[INFO] 13:38:00:695 Servidor Memoria/(29379:29379): Se conecto un cliente 

[INFO] 13:38:00:696 Servidor Memoria/(29379:29381): me llego el handshake de cpu 

[INFO] 13:38:00:697 Servidor Memoria/(29379:29381): hanshake enviado a cpu 

[INFO] 13:38:02:520 Servidor Memoria/(29379:29379): Se conecto un cliente 

[INFO] 13:38:05:033 Servidor Memoria/(29379:29385): Inicializando estructuras 

[INFO] 13:38:05:033 Servidor Memoria/(29379:29385): recibi pcb de kernel para inicializar estructuras 

[INFO] 13:38:05:033 Servidor Memoria/(29379:29385): tabla segundo nivel creada 

[INFO] 13:38:05:033 Servidor Memoria/(29379:29385): numero de tabla de segundo nivel pasado a la de primer nivel 

[INFO] 13:38:05:033 Servidor Memoria/(29379:29385): tabla segundo nivel creada 

[INFO] 13:38:05:033 Servidor Memoria/(29379:29385): numero de tabla de segundo nivel pasado a la de primer nivel 

[INFO] 13:38:05:033 Servidor Memoria/(29379:29385): tabla segundo nivel creada 

[INFO] 13:38:05:033 Servidor Memoria/(29379:29385): numero de tabla de segundo nivel pasado a la de primer nivel 

[INFO] 13:38:05:033 Servidor Memoria/(29379:29385): tabla segundo nivel creada 

[INFO] 13:38:05:033 Servidor Memoria/(29379:29385): numero de tabla de segundo nivel pasado a la de primer nivel 

[INFO] 13:38:05:033 Servidor Memoria/(29379:29385): Se creo el archivo swap del proceso: 0

[INFO] 13:38:05:034 Servidor Memoria/(29379:29385): Swap creado 

[INFO] 13:38:05:034 Servidor Memoria/(29379:29385): Numero tabla de paginas de 2 nivel del proceso enviado a kernel 

[INFO] 13:38:05:243 Servidor Memoria/(29379:29385): me llego mensaje para suspender proceso 

